[ 2017-10-23T14:55:05+08:00 ] 127.0.0.1 /Admin/Login/index
INFO: [ app_init ] --START--
INFO: Run Behavior\BuildLiteBehavior [ RunTime:0.000000s ]
INFO: [ app_init ] --END-- [ RunTime:0.015600s ]
INFO: [ app_begin ] --START--
INFO: Run Behavior\ReadHtmlCacheBehavior [ RunTime:0.000000s ]
INFO: [ app_begin ] --END-- [ RunTime:0.000000s ]
NOTIC: [8] Undefined variable: assign D:\phpStudy\WWW\xqwl_admin_Lite\Application\Admin\Controller\LoginController.class.php 第 46 行.
INFO: [ view_parse ] --START--
INFO: [ template_filter ] --START--
INFO: Run Behavior\ContentReplaceBehavior [ RunTime:0.000000s ]
INFO: [ template_filter ] --END-- [ RunTime:0.000000s ]
INFO: Run Behavior\ParseTemplateBehavior [ RunTime:0.000000s ]
INFO: [ view_parse ] --END-- [ RunTime:0.000000s ]
INFO: [ view_filter ] --START--
INFO: Run Behavior\WriteHtmlCacheBehavior [ RunTime:0.000000s ]
INFO: [ view_filter ] --END-- [ RunTime:0.000000s ]
INFO: [ app_end ] --START--
INFO: Run Behavior\ShowPageTraceBehavior [ RunTime:0.000000s ]
INFO: [ app_end ] --END-- [ RunTime:0.000000s ]

[ 2017-10-23T14:55:05+08:00 ] 127.0.0.1 /Admin/Login/verify
INFO: [ app_init ] --START--
INFO: Run Behavior\BuildLiteBehavior [ RunTime:0.000000s ]
INFO: [ app_init ] --END-- [ RunTime:0.000000s ]
INFO: [ app_begin ] --START--
INFO: Run Behavior\ReadHtmlCacheBehavior [ RunTime:0.000000s ]
INFO: [ app_begin ] --END-- [ RunTime:0.000000s ]
INFO: [ app_end ] --START--
INFO: Run Behavior\ShowPageTraceBehavior [ RunTime:0.000000s ]
INFO: [ app_end ] --END-- [ RunTime:0.000000s ]

[ 2017-10-23T14:55:12+08:00 ] 127.0.0.1 /Admin/Login/index
INFO: [ app_init ] --START--
INFO: Run Behavior\BuildLiteBehavior [ RunTime:0.000000s ]
INFO: [ app_init ] --END-- [ RunTime:0.000000s ]
INFO: [ app_begin ] --START--
INFO: Run Behavior\ReadHtmlCacheBehavior [ RunTime:0.000000s ]
INFO: [ app_begin ] --END-- [ RunTime:0.000000s ]
SQL: SHOW COLUMNS FROM `xqwl_admin` [ RunTime:0.0000s ]
SQL: SELECT * FROM `xqwl_admin` WHERE `username` = 'admin' LIMIT 1   [ RunTime:0.0000s ]

[ 2017-10-23T14:55:13+08:00 ] 127.0.0.1 /Admin/Index/index
INFO: [ app_init ] --START--
INFO: Run Behavior\BuildLiteBehavior [ RunTime:0.000000s ]
INFO: [ app_init ] --END-- [ RunTime:0.000000s ]
INFO: [ app_begin ] --START--
INFO: Run Behavior\ReadHtmlCacheBehavior [ RunTime:0.000000s ]
INFO: [ app_begin ] --END-- [ RunTime:0.000000s ]
SQL: SHOW COLUMNS FROM `xqwl_auth_group_access` [ RunTime:0.0000s ]
SQL: SELECT `uid`,`group_id`,`title`,`rules` FROM xqwl_auth_group_access a INNER JOIN xqwl_auth_group g on a.group_id=g.id  WHERE ( a.uid='88' and g.status='1' )  [ RunTime:0.0000s ]
SQL: SHOW COLUMNS FROM `xqwl_auth_rule` [ RunTime:0.0156s ]
SQL: SELECT `condition`,`name` FROM `xqwl_auth_rule` WHERE `id` IN ('6','96','20','1','2','3','4','5','64','21','7','8','9','10','11','12','13','14','15','16','123','19','130','131','132','133') AND `type` = 1 AND `status` = 1  [ RunTime:0.0000s ]
NOTIC: [2] Declaration of Common\Model\AdminNavModel::getTreeData($type = 'tree', $order = '') should be compatible with Common\Model\BaseModel::getTreeData($type = 'tree', $order = '', $name = 'name', $child = 'id', $parent = 'pid') D:\phpStudy\WWW\xqwl_admin_Lite\Application\Common\Model\AdminNavModel.class.php 第 10 行.
SQL: SHOW COLUMNS FROM `xqwl_admin_nav` [ RunTime:0.0000s ]
SQL: SELECT * FROM `xqwl_admin_nav` ORDER BY order_number is null,order_number,id  [ RunTime:0.0000s ]
INFO: [ view_parse ] --START--
INFO: [ template_filter ] --START--
INFO: Run Behavior\ContentReplaceBehavior [ RunTime:0.000000s ]
INFO: [ template_filter ] --END-- [ RunTime:0.000000s ]
INFO: Run Behavior\ParseTemplateBehavior [ RunTime:0.000000s ]
INFO: [ view_parse ] --END-- [ RunTime:0.000000s ]
INFO: [ view_filter ] --START--
INFO: Run Behavior\WriteHtmlCacheBehavior [ RunTime:0.000000s ]
INFO: [ view_filter ] --END-- [ RunTime:0.000000s ]
INFO: [ app_end ] --START--
INFO: Run Behavior\ShowPageTraceBehavior [ RunTime:0.000000s ]
INFO: [ app_end ] --END-- [ RunTime:0.000000s ]

[ 2017-10-23T14:55:20+08:00 ] 127.0.0.1 /Admin/Rule/admin_user_list
INFO: [ app_init ] --START--
INFO: Run Behavior\BuildLiteBehavior [ RunTime:0.000000s ]
INFO: [ app_init ] --END-- [ RunTime:0.000000s ]
INFO: [ app_begin ] --START--
INFO: Run Behavior\ReadHtmlCacheBehavior [ RunTime:0.000000s ]
INFO: [ app_begin ] --END-- [ RunTime:0.000000s ]
SQL: SHOW COLUMNS FROM `xqwl_auth_group_access` [ RunTime:0.0000s ]
SQL: SELECT `uid`,`group_id`,`title`,`rules` FROM xqwl_auth_group_access a INNER JOIN xqwl_auth_group g on a.group_id=g.id  WHERE ( a.uid='88' and g.status='1' )  [ RunTime:0.0000s ]
SQL: SHOW COLUMNS FROM `xqwl_auth_rule` [ RunTime:0.0000s ]
SQL: SELECT `condition`,`name` FROM `xqwl_auth_rule` WHERE `id` IN ('6','96','20','1','2','3','4','5','64','21','7','8','9','10','11','12','13','14','15','16','123','19','130','131','132','133') AND `type` = 1 AND `status` = 1  [ RunTime:0.0000s ]
NOTIC: [2] Declaration of Common\Model\AdminNavModel::getTreeData($type = 'tree', $order = '') should be compatible with Common\Model\BaseModel::getTreeData($type = 'tree', $order = '', $name = 'name', $child = 'id', $parent = 'pid') D:\phpStudy\WWW\xqwl_admin_Lite\Application\Common\Model\AdminNavModel.class.php 第 10 行.
SQL: SHOW COLUMNS FROM `xqwl_admin_nav` [ RunTime:0.0000s ]
SQL: SELECT * FROM `xqwl_admin_nav` ORDER BY order_number is null,order_number,id  [ RunTime:0.0000s ]
SQL: SHOW COLUMNS FROM `xqwl_auth_group_access` [ RunTime:0.0000s ]
SQL: SELECT u.id,u.username,u.email,aga.group_id,ag.title FROM xqwl_auth_group_access aga RIGHT JOIN xqwl_admin u ON aga.uid=u.id LEFT JOIN xqwl_auth_group ag ON aga.group_id=ag.id   [ RunTime:0.0000s ]
INFO: [ view_parse ] --START--
INFO: [ template_filter ] --START--
INFO: Run Behavior\ContentReplaceBehavior [ RunTime:0.000000s ]
INFO: [ template_filter ] --END-- [ RunTime:0.000000s ]
INFO: Run Behavior\ParseTemplateBehavior [ RunTime:0.000000s ]
INFO: [ view_parse ] --END-- [ RunTime:0.000000s ]
INFO: [ view_filter ] --START--
INFO: Run Behavior\WriteHtmlCacheBehavior [ RunTime:0.000000s ]
INFO: [ view_filter ] --END-- [ RunTime:0.000000s ]
INFO: [ app_end ] --START--
INFO: Run Behavior\ShowPageTraceBehavior [ RunTime:0.000000s ]
INFO: [ app_end ] --END-- [ RunTime:0.000000s ]

[ 2017-10-23T14:55:21+08:00 ] 127.0.0.1 /Admin/Rule/add_admin
INFO: [ app_init ] --START--
INFO: Run Behavior\BuildLiteBehavior [ RunTime:0.000000s ]
INFO: [ app_init ] --END-- [ RunTime:0.000000s ]
INFO: [ app_begin ] --START--
INFO: Run Behavior\ReadHtmlCacheBehavior [ RunTime:0.000000s ]
INFO: [ app_begin ] --END-- [ RunTime:0.000000s ]
SQL: SHOW COLUMNS FROM `xqwl_auth_group_access` [ RunTime:0.0000s ]
SQL: SELECT `uid`,`group_id`,`title`,`rules` FROM xqwl_auth_group_access a INNER JOIN xqwl_auth_group g on a.group_id=g.id  WHERE ( a.uid='88' and g.status='1' )  [ RunTime:0.0000s ]
SQL: SHOW COLUMNS FROM `xqwl_auth_rule` [ RunTime:0.0000s ]
SQL: SELECT `condition`,`name` FROM `xqwl_auth_rule` WHERE `id` IN ('6','96','20','1','2','3','4','5','64','21','7','8','9','10','11','12','13','14','15','16','123','19','130','131','132','133') AND `type` = 1 AND `status` = 1  [ RunTime:0.0000s ]
NOTIC: [2] Declaration of Common\Model\AdminNavModel::getTreeData($type = 'tree', $order = '') should be compatible with Common\Model\BaseModel::getTreeData($type = 'tree', $order = '', $name = 'name', $child = 'id', $parent = 'pid') D:\phpStudy\WWW\xqwl_admin_Lite\Application\Common\Model\AdminNavModel.class.php 第 10 行.
SQL: SHOW COLUMNS FROM `xqwl_admin_nav` [ RunTime:0.0156s ]
SQL: SELECT * FROM `xqwl_admin_nav` ORDER BY order_number is null,order_number,id  [ RunTime:0.0000s ]
SQL: SHOW COLUMNS FROM `xqwl_auth_group` [ RunTime:0.0000s ]
SQL: SELECT * FROM `xqwl_auth_group`  [ RunTime:0.0000s ]
INFO: [ view_parse ] --START--
INFO: [ template_filter ] --START--
INFO: Run Behavior\ContentReplaceBehavior [ RunTime:0.000000s ]
INFO: [ template_filter ] --END-- [ RunTime:0.000000s ]
INFO: Run Behavior\ParseTemplateBehavior [ RunTime:0.000000s ]
INFO: [ view_parse ] --END-- [ RunTime:0.000000s ]
INFO: [ view_filter ] --START--
INFO: Run Behavior\WriteHtmlCacheBehavior [ RunTime:0.000000s ]
INFO: [ view_filter ] --END-- [ RunTime:0.000000s ]
INFO: [ app_end ] --START--
INFO: Run Behavior\ShowPageTraceBehavior [ RunTime:0.000000s ]
INFO: [ app_end ] --END-- [ RunTime:0.000000s ]

[ 2017-10-23T14:55:24+08:00 ] 127.0.0.1 /Admin/Nav/index
INFO: [ app_init ] --START--
INFO: Run Behavior\BuildLiteBehavior [ RunTime:0.000000s ]
INFO: [ app_init ] --END-- [ RunTime:0.000000s ]
INFO: [ app_begin ] --START--
INFO: Run Behavior\ReadHtmlCacheBehavior [ RunTime:0.000000s ]
INFO: [ app_begin ] --END-- [ RunTime:0.000000s ]
SQL: SHOW COLUMNS FROM `xqwl_auth_group_access` [ RunTime:0.0000s ]
SQL: SELECT `uid`,`group_id`,`title`,`rules` FROM xqwl_auth_group_access a INNER JOIN xqwl_auth_group g on a.group_id=g.id  WHERE ( a.uid='88' and g.status='1' )  [ RunTime:0.0000s ]
SQL: SHOW COLUMNS FROM `xqwl_auth_rule` [ RunTime:0.0000s ]
SQL: SELECT `condition`,`name` FROM `xqwl_auth_rule` WHERE `id` IN ('6','96','20','1','2','3','4','5','64','21','7','8','9','10','11','12','13','14','15','16','123','19','130','131','132','133') AND `type` = 1 AND `status` = 1  [ RunTime:0.0000s ]
NOTIC: [2] Declaration of Common\Model\AdminNavModel::getTreeData($type = 'tree', $order = '') should be compatible with Common\Model\BaseModel::getTreeData($type = 'tree', $order = '', $name = 'name', $child = 'id', $parent = 'pid') D:\phpStudy\WWW\xqwl_admin_Lite\Application\Common\Model\AdminNavModel.class.php 第 10 行.
SQL: SHOW COLUMNS FROM `xqwl_admin_nav` [ RunTime:0.0156s ]
SQL: SELECT * FROM `xqwl_admin_nav` ORDER BY order_number is null,order_number,id  [ RunTime:0.0000s ]
SQL: SELECT * FROM `xqwl_admin_nav` ORDER BY order_number is null,order_number,id  [ RunTime:0.0000s ]
INFO: [ view_parse ] --START--
INFO: [ template_filter ] --START--
INFO: Run Behavior\ContentReplaceBehavior [ RunTime:0.000000s ]
INFO: [ template_filter ] --END-- [ RunTime:0.000000s ]
INFO: Run Behavior\ParseTemplateBehavior [ RunTime:0.000000s ]
INFO: [ view_parse ] --END-- [ RunTime:0.000000s ]
INFO: [ view_filter ] --START--
INFO: Run Behavior\WriteHtmlCacheBehavior [ RunTime:0.000000s ]
INFO: [ view_filter ] --END-- [ RunTime:0.000000s ]
INFO: [ app_end ] --START--
INFO: Run Behavior\ShowPageTraceBehavior [ RunTime:0.000000s ]
INFO: [ app_end ] --END-- [ RunTime:0.000000s ]

[ 2017-10-23T14:55:33+08:00 ] 127.0.0.1 /Admin/Rule/admin_user_list
INFO: [ app_init ] --START--
INFO: Run Behavior\BuildLiteBehavior [ RunTime:0.000000s ]
INFO: [ app_init ] --END-- [ RunTime:0.000000s ]
INFO: [ app_begin ] --START--
INFO: Run Behavior\ReadHtmlCacheBehavior [ RunTime:0.000000s ]
INFO: [ app_begin ] --END-- [ RunTime:0.000000s ]
SQL: SHOW COLUMNS FROM `xqwl_auth_group_access` [ RunTime:0.0000s ]
SQL: SELECT `uid`,`group_id`,`title`,`rules` FROM xqwl_auth_group_access a INNER JOIN xqwl_auth_group g on a.group_id=g.id  WHERE ( a.uid='88' and g.status='1' )  [ RunTime:0.0000s ]
SQL: SHOW COLUMNS FROM `xqwl_auth_rule` [ RunTime:0.0000s ]
SQL: SELECT `condition`,`name` FROM `xqwl_auth_rule` WHERE `id` IN ('6','96','20','1','2','3','4','5','64','21','7','8','9','10','11','12','13','14','15','16','123','19','130','131','132','133') AND `type` = 1 AND `status` = 1  [ RunTime:0.0000s ]
NOTIC: [2] Declaration of Common\Model\AdminNavModel::getTreeData($type = 'tree', $order = '') should be compatible with Common\Model\BaseModel::getTreeData($type = 'tree', $order = '', $name = 'name', $child = 'id', $parent = 'pid') D:\phpStudy\WWW\xqwl_admin_Lite\Application\Common\Model\AdminNavModel.class.php 第 10 行.
SQL: SHOW COLUMNS FROM `xqwl_admin_nav` [ RunTime:0.0156s ]
SQL: SELECT * FROM `xqwl_admin_nav` ORDER BY order_number is null,order_number,id  [ RunTime:0.0000s ]
SQL: SHOW COLUMNS FROM `xqwl_auth_group_access` [ RunTime:0.0000s ]
SQL: SELECT u.id,u.username,u.email,aga.group_id,ag.title FROM xqwl_auth_group_access aga RIGHT JOIN xqwl_admin u ON aga.uid=u.id LEFT JOIN xqwl_auth_group ag ON aga.group_id=ag.id   [ RunTime:0.0000s ]
INFO: [ view_parse ] --START--
INFO: [ template_filter ] --START--
INFO: Run Behavior\ContentReplaceBehavior [ RunTime:0.000000s ]
INFO: [ template_filter ] --END-- [ RunTime:0.000000s ]
INFO: Run Behavior\ParseTemplateBehavior [ RunTime:0.000000s ]
INFO: [ view_parse ] --END-- [ RunTime:0.000000s ]
INFO: [ view_filter ] --START--
INFO: Run Behavior\WriteHtmlCacheBehavior [ RunTime:0.000000s ]
INFO: [ view_filter ] --END-- [ RunTime:0.000000s ]
INFO: [ app_end ] --START--
INFO: Run Behavior\ShowPageTraceBehavior [ RunTime:0.000000s ]
INFO: [ app_end ] --END-- [ RunTime:0.000000s ]

[ 2017-10-23T14:55:34+08:00 ] 127.0.0.1 /Admin/Rule/add_admin
INFO: [ app_init ] --START--
INFO: Run Behavior\BuildLiteBehavior [ RunTime:0.000000s ]
INFO: [ app_init ] --END-- [ RunTime:0.000000s ]
INFO: [ app_begin ] --START--
INFO: Run Behavior\ReadHtmlCacheBehavior [ RunTime:0.000000s ]
INFO: [ app_begin ] --END-- [ RunTime:0.000000s ]
SQL: SHOW COLUMNS FROM `xqwl_auth_group_access` [ RunTime:0.0000s ]
SQL: SELECT `uid`,`group_id`,`title`,`rules` FROM xqwl_auth_group_access a INNER JOIN xqwl_auth_group g on a.group_id=g.id  WHERE ( a.uid='88' and g.status='1' )  [ RunTime:0.0000s ]
SQL: SHOW COLUMNS FROM `xqwl_auth_rule` [ RunTime:0.0000s ]
SQL: SELECT `condition`,`name` FROM `xqwl_auth_rule` WHERE `id` IN ('6','96','20','1','2','3','4','5','64','21','7','8','9','10','11','12','13','14','15','16','123','19','130','131','132','133') AND `type` = 1 AND `status` = 1  [ RunTime:0.0000s ]
NOTIC: [2] Declaration of Common\Model\AdminNavModel::getTreeData($type = 'tree', $order = '') should be compatible with Common\Model\BaseModel::getTreeData($type = 'tree', $order = '', $name = 'name', $child = 'id', $parent = 'pid') D:\phpStudy\WWW\xqwl_admin_Lite\Application\Common\Model\AdminNavModel.class.php 第 10 行.
SQL: SHOW COLUMNS FROM `xqwl_admin_nav` [ RunTime:0.0000s ]
SQL: SELECT * FROM `xqwl_admin_nav` ORDER BY order_number is null,order_number,id  [ RunTime:0.0000s ]
SQL: SHOW COLUMNS FROM `xqwl_auth_group` [ RunTime:0.0156s ]
SQL: SELECT * FROM `xqwl_auth_group`  [ RunTime:0.0000s ]
INFO: [ view_parse ] --START--
INFO: [ template_filter ] --START--
INFO: Run Behavior\ContentReplaceBehavior [ RunTime:0.000000s ]
INFO: [ template_filter ] --END-- [ RunTime:0.000000s ]
INFO: Run Behavior\ParseTemplateBehavior [ RunTime:0.000000s ]
INFO: [ view_parse ] --END-- [ RunTime:0.000000s ]
INFO: [ view_filter ] --START--
INFO: Run Behavior\WriteHtmlCacheBehavior [ RunTime:0.000000s ]
INFO: [ view_filter ] --END-- [ RunTime:0.000000s ]
INFO: [ app_end ] --START--
INFO: Run Behavior\ShowPageTraceBehavior [ RunTime:0.000000s ]
INFO: [ app_end ] --END-- [ RunTime:0.000000s ]

[ 2017-10-23T14:55:40+08:00 ] 127.0.0.1 /Admin/Rule/add_admin
INFO: [ app_init ] --START--
INFO: Run Behavior\BuildLiteBehavior [ RunTime:0.000000s ]
INFO: [ app_init ] --END-- [ RunTime:0.000000s ]
INFO: [ app_begin ] --START--
INFO: Run Behavior\ReadHtmlCacheBehavior [ RunTime:0.000000s ]
INFO: [ app_begin ] --END-- [ RunTime:0.000000s ]
SQL: SHOW COLUMNS FROM `xqwl_auth_group_access` [ RunTime:0.0000s ]
SQL: SELECT `uid`,`group_id`,`title`,`rules` FROM xqwl_auth_group_access a INNER JOIN xqwl_auth_group g on a.group_id=g.id  WHERE ( a.uid='88' and g.status='1' )  [ RunTime:0.0000s ]
SQL: SHOW COLUMNS FROM `xqwl_auth_rule` [ RunTime:0.0000s ]
SQL: SELECT `condition`,`name` FROM `xqwl_auth_rule` WHERE `id` IN ('6','96','20','1','2','3','4','5','64','21','7','8','9','10','11','12','13','14','15','16','123','19','130','131','132','133') AND `type` = 1 AND `status` = 1  [ RunTime:0.0000s ]
NOTIC: [2] Declaration of Common\Model\AdminNavModel::getTreeData($type = 'tree', $order = '') should be compatible with Common\Model\BaseModel::getTreeData($type = 'tree', $order = '', $name = 'name', $child = 'id', $parent = 'pid') D:\phpStudy\WWW\xqwl_admin_Lite\Application\Common\Model\AdminNavModel.class.php 第 10 行.
SQL: SHOW COLUMNS FROM `xqwl_admin_nav` [ RunTime:0.0000s ]
SQL: SELECT * FROM `xqwl_admin_nav` ORDER BY order_number is null,order_number,id  [ RunTime:0.0000s ]
SQL: SHOW COLUMNS FROM `xqwl_admin` [ RunTime:0.0156s ]
NOTIC: [8] Undefined index: validate D:\phpStudy\WWW\xqwl_admin_Lite\ThinkPHP\Library\Think\Model.class.php 第 1185 行.
SQL: SELECT * FROM `xqwl_admin` WHERE `username` = 'demo' LIMIT 1   [ RunTime:0.0000s ]
NOTIC: [8] Undefined index: auto D:\phpStudy\WWW\xqwl_admin_Lite\ThinkPHP\Library\Think\Model.class.php 第 1128 行.
SQL: INSERT INTO `xqwl_admin` (`username`,`phone`,`email`,`password`,`status`,`register_time`) VALUES ('demo','','','0d7daa9cda63d1192279d6f0a2234e59','1','1508741740') [ RunTime:0.0000s ]

[ 2017-10-23T14:55:42+08:00 ] 127.0.0.1 /Admin/Rule/admin_user_list
INFO: [ app_init ] --START--
INFO: Run Behavior\BuildLiteBehavior [ RunTime:0.000000s ]
INFO: [ app_init ] --END-- [ RunTime:0.000000s ]
INFO: [ app_begin ] --START--
INFO: Run Behavior\ReadHtmlCacheBehavior [ RunTime:0.015600s ]
INFO: [ app_begin ] --END-- [ RunTime:0.015600s ]
SQL: SHOW COLUMNS FROM `xqwl_auth_group_access` [ RunTime:0.0156s ]
SQL: SELECT `uid`,`group_id`,`title`,`rules` FROM xqwl_auth_group_access a INNER JOIN xqwl_auth_group g on a.group_id=g.id  WHERE ( a.uid='88' and g.status='1' )  [ RunTime:0.0000s ]
SQL: SHOW COLUMNS FROM `xqwl_auth_rule` [ RunTime:0.0000s ]
SQL: SELECT `condition`,`name` FROM `xqwl_auth_rule` WHERE `id` IN ('6','96','20','1','2','3','4','5','64','21','7','8','9','10','11','12','13','14','15','16','123','19','130','131','132','133') AND `type` = 1 AND `status` = 1  [ RunTime:0.0000s ]
NOTIC: [2] Declaration of Common\Model\AdminNavModel::getTreeData($type = 'tree', $order = '') should be compatible with Common\Model\BaseModel::getTreeData($type = 'tree', $order = '', $name = 'name', $child = 'id', $parent = 'pid') D:\phpStudy\WWW\xqwl_admin_Lite\Application\Common\Model\AdminNavModel.class.php 第 10 行.
SQL: SHOW COLUMNS FROM `xqwl_admin_nav` [ RunTime:0.0000s ]
SQL: SELECT * FROM `xqwl_admin_nav` ORDER BY order_number is null,order_number,id  [ RunTime:0.0000s ]
SQL: SHOW COLUMNS FROM `xqwl_auth_group_access` [ RunTime:0.0000s ]
SQL: SELECT u.id,u.username,u.email,aga.group_id,ag.title FROM xqwl_auth_group_access aga RIGHT JOIN xqwl_admin u ON aga.uid=u.id LEFT JOIN xqwl_auth_group ag ON aga.group_id=ag.id   [ RunTime:0.0000s ]
INFO: [ view_parse ] --START--
INFO: [ template_filter ] --START--
INFO: Run Behavior\ContentReplaceBehavior [ RunTime:0.000000s ]
INFO: [ template_filter ] --END-- [ RunTime:0.000000s ]
INFO: Run Behavior\ParseTemplateBehavior [ RunTime:0.015600s ]
INFO: [ view_parse ] --END-- [ RunTime:0.015600s ]
INFO: [ view_filter ] --START--
INFO: Run Behavior\WriteHtmlCacheBehavior [ RunTime:0.000000s ]
INFO: [ view_filter ] --END-- [ RunTime:0.000000s ]
INFO: [ app_end ] --START--
INFO: Run Behavior\ShowPageTraceBehavior [ RunTime:0.000000s ]
INFO: [ app_end ] --END-- [ RunTime:0.000000s ]

[ 2017-10-23T14:55:46+08:00 ] 127.0.0.1 /Admin/Rule/group
INFO: [ app_init ] --START--
INFO: Run Behavior\BuildLiteBehavior [ RunTime:0.000000s ]
INFO: [ app_init ] --END-- [ RunTime:0.000000s ]
INFO: [ app_begin ] --START--
INFO: Run Behavior\ReadHtmlCacheBehavior [ RunTime:0.000000s ]
INFO: [ app_begin ] --END-- [ RunTime:0.000000s ]
SQL: SHOW COLUMNS FROM `xqwl_auth_group_access` [ RunTime:0.0000s ]
SQL: SELECT `uid`,`group_id`,`title`,`rules` FROM xqwl_auth_group_access a INNER JOIN xqwl_auth_group g on a.group_id=g.id  WHERE ( a.uid='88' and g.status='1' )  [ RunTime:0.0000s ]
SQL: SHOW COLUMNS FROM `xqwl_auth_rule` [ RunTime:0.0000s ]
SQL: SELECT `condition`,`name` FROM `xqwl_auth_rule` WHERE `id` IN ('6','96','20','1','2','3','4','5','64','21','7','8','9','10','11','12','13','14','15','16','123','19','130','131','132','133') AND `type` = 1 AND `status` = 1  [ RunTime:0.0000s ]
NOTIC: [2] Declaration of Common\Model\AdminNavModel::getTreeData($type = 'tree', $order = '') should be compatible with Common\Model\BaseModel::getTreeData($type = 'tree', $order = '', $name = 'name', $child = 'id', $parent = 'pid') D:\phpStudy\WWW\xqwl_admin_Lite\Application\Common\Model\AdminNavModel.class.php 第 10 行.
SQL: SHOW COLUMNS FROM `xqwl_admin_nav` [ RunTime:0.0000s ]
SQL: SELECT * FROM `xqwl_admin_nav` ORDER BY order_number is null,order_number,id  [ RunTime:0.0000s ]
SQL: SHOW COLUMNS FROM `xqwl_auth_group` [ RunTime:0.0156s ]
SQL: SELECT * FROM `xqwl_auth_group`  [ RunTime:0.0000s ]
INFO: [ view_parse ] --START--
INFO: [ template_filter ] --START--
INFO: Run Behavior\ContentReplaceBehavior [ RunTime:0.000000s ]
INFO: [ template_filter ] --END-- [ RunTime:0.000000s ]
INFO: Run Behavior\ParseTemplateBehavior [ RunTime:0.000000s ]
INFO: [ view_parse ] --END-- [ RunTime:0.000000s ]
INFO: [ view_filter ] --START--
INFO: Run Behavior\WriteHtmlCacheBehavior [ RunTime:0.000000s ]
INFO: [ view_filter ] --END-- [ RunTime:0.000000s ]
INFO: [ app_end ] --START--
INFO: Run Behavior\ShowPageTraceBehavior [ RunTime:0.000000s ]
INFO: [ app_end ] --END-- [ RunTime:0.000000s ]

[ 2017-10-23T14:55:48+08:00 ] 127.0.0.1 /Admin/Rule/rule_group/id/2
INFO: [ app_init ] --START--
INFO: Run Behavior\BuildLiteBehavior [ RunTime:0.000000s ]
INFO: [ app_init ] --END-- [ RunTime:0.000000s ]
INFO: [ app_begin ] --START--
INFO: Run Behavior\ReadHtmlCacheBehavior [ RunTime:0.000000s ]
INFO: [ app_begin ] --END-- [ RunTime:0.000000s ]
SQL: SHOW COLUMNS FROM `xqwl_auth_group_access` [ RunTime:0.0000s ]
SQL: SELECT `uid`,`group_id`,`title`,`rules` FROM xqwl_auth_group_access a INNER JOIN xqwl_auth_group g on a.group_id=g.id  WHERE ( a.uid='88' and g.status='1' )  [ RunTime:0.0000s ]
SQL: SHOW COLUMNS FROM `xqwl_auth_rule` [ RunTime:0.0000s ]
SQL: SELECT `condition`,`name` FROM `xqwl_auth_rule` WHERE `id` IN ('6','96','20','1','2','3','4','5','64','21','7','8','9','10','11','12','13','14','15','16','123','19','130','131','132','133') AND `type` = 1 AND `status` = 1  [ RunTime:0.0000s ]
NOTIC: [2] Declaration of Common\Model\AdminNavModel::getTreeData($type = 'tree', $order = '') should be compatible with Common\Model\BaseModel::getTreeData($type = 'tree', $order = '', $name = 'name', $child = 'id', $parent = 'pid') D:\phpStudy\WWW\xqwl_admin_Lite\Application\Common\Model\AdminNavModel.class.php 第 10 行.
SQL: SHOW COLUMNS FROM `xqwl_admin_nav` [ RunTime:0.0000s ]
SQL: SELECT * FROM `xqwl_admin_nav` ORDER BY order_number is null,order_number,id  [ RunTime:0.0000s ]
SQL: SHOW COLUMNS FROM `xqwl_auth_group` [ RunTime:0.0156s ]
SQL: SELECT * FROM `xqwl_auth_group` WHERE `id` = 2 LIMIT 1   [ RunTime:0.0000s ]
SQL: SHOW COLUMNS FROM `xqwl_auth_rule` [ RunTime:0.0000s ]
SQL: SELECT * FROM `xqwl_auth_rule` ORDER BY id is null,id  [ RunTime:0.0000s ]
INFO: [ view_parse ] --START--
INFO: [ template_filter ] --START--
INFO: Run Behavior\ContentReplaceBehavior [ RunTime:0.000000s ]
INFO: [ template_filter ] --END-- [ RunTime:0.000000s ]
INFO: Run Behavior\ParseTemplateBehavior [ RunTime:0.000000s ]
INFO: [ view_parse ] --END-- [ RunTime:0.000000s ]
INFO: [ view_filter ] --START--
INFO: Run Behavior\WriteHtmlCacheBehavior [ RunTime:0.000000s ]
INFO: [ view_filter ] --END-- [ RunTime:0.000000s ]
INFO: [ app_end ] --START--
INFO: Run Behavior\ShowPageTraceBehavior [ RunTime:0.000000s ]
INFO: [ app_end ] --END-- [ RunTime:0.000000s ]

[ 2017-10-23T14:55:52+08:00 ] 127.0.0.1 /Admin/Rule/check_user/group_id/2
INFO: [ app_init ] --START--
INFO: Run Behavior\BuildLiteBehavior [ RunTime:0.000000s ]
INFO: [ app_init ] --END-- [ RunTime:0.000000s ]
INFO: [ app_begin ] --START--
INFO: Run Behavior\ReadHtmlCacheBehavior [ RunTime:0.000000s ]
INFO: [ app_begin ] --END-- [ RunTime:0.000000s ]
SQL: SHOW COLUMNS FROM `xqwl_auth_group_access` [ RunTime:0.0000s ]
SQL: SELECT `uid`,`group_id`,`title`,`rules` FROM xqwl_auth_group_access a INNER JOIN xqwl_auth_group g on a.group_id=g.id  WHERE ( a.uid='88' and g.status='1' )  [ RunTime:0.0000s ]
SQL: SHOW COLUMNS FROM `xqwl_auth_rule` [ RunTime:0.0000s ]
SQL: SELECT `condition`,`name` FROM `xqwl_auth_rule` WHERE `id` IN ('6','96','20','1','2','3','4','5','64','21','7','8','9','10','11','12','13','14','15','16','123','19','130','131','132','133') AND `type` = 1 AND `status` = 1  [ RunTime:0.0000s ]
NOTIC: [2] Declaration of Common\Model\AdminNavModel::getTreeData($type = 'tree', $order = '') should be compatible with Common\Model\BaseModel::getTreeData($type = 'tree', $order = '', $name = 'name', $child = 'id', $parent = 'pid') D:\phpStudy\WWW\xqwl_admin_Lite\Application\Common\Model\AdminNavModel.class.php 第 10 行.
SQL: SHOW COLUMNS FROM `xqwl_admin_nav` [ RunTime:0.0156s ]
SQL: SELECT * FROM `xqwl_admin_nav` ORDER BY order_number is null,order_number,id  [ RunTime:0.0000s ]
SQL: SHOW COLUMNS FROM `xqwl_auth_group` [ RunTime:0.0000s ]
SQL: SELECT `title` FROM `xqwl_auth_group` WHERE `id` = 2 LIMIT 1   [ RunTime:0.0000s ]
SQL: SHOW COLUMNS FROM `xqwl_auth_group_access` [ RunTime:0.0000s ]
SQL: SELECT `uid` FROM `xqwl_auth_group_access` WHERE `group_id` = 2  [ RunTime:0.0000s ]
INFO: [ view_parse ] --START--
INFO: [ template_filter ] --START--
INFO: Run Behavior\ContentReplaceBehavior [ RunTime:0.000000s ]
INFO: [ template_filter ] --END-- [ RunTime:0.000000s ]
NOTIC: [8] Undefined index: username D:\phpStudy\WWW\xqwl_admin_Lite\Runtime\Cache\Admin\109efeb9e6a98da5aea3c20a9e4a0b7e.php 第 132 行.
INFO: Run Behavior\ParseTemplateBehavior [ RunTime:0.015600s ]
INFO: [ view_parse ] --END-- [ RunTime:0.015600s ]
INFO: [ view_filter ] --START--
INFO: Run Behavior\WriteHtmlCacheBehavior [ RunTime:0.000000s ]
INFO: [ view_filter ] --END-- [ RunTime:0.000000s ]
INFO: [ app_end ] --START--
INFO: Run Behavior\ShowPageTraceBehavior [ RunTime:0.000000s ]
INFO: [ app_end ] --END-- [ RunTime:0.000000s ]

[ 2017-10-23T14:55:54+08:00 ] 127.0.0.1 /Admin/Rule/check_user/group_id/2?username=
INFO: [ app_init ] --START--
INFO: Run Behavior\BuildLiteBehavior [ RunTime:0.000000s ]
INFO: [ app_init ] --END-- [ RunTime:0.000000s ]
INFO: [ app_begin ] --START--
INFO: Run Behavior\ReadHtmlCacheBehavior [ RunTime:0.000000s ]
INFO: [ app_begin ] --END-- [ RunTime:0.000000s ]
SQL: SHOW COLUMNS FROM `xqwl_auth_group_access` [ RunTime:0.0000s ]
SQL: SELECT `uid`,`group_id`,`title`,`rules` FROM xqwl_auth_group_access a INNER JOIN xqwl_auth_group g on a.group_id=g.id  WHERE ( a.uid='88' and g.status='1' )  [ RunTime:0.0000s ]
SQL: SHOW COLUMNS FROM `xqwl_auth_rule` [ RunTime:0.0000s ]
SQL: SELECT `condition`,`name` FROM `xqwl_auth_rule` WHERE `id` IN ('6','96','20','1','2','3','4','5','64','21','7','8','9','10','11','12','13','14','15','16','123','19','130','131','132','133') AND `type` = 1 AND `status` = 1  [ RunTime:0.0000s ]
NOTIC: [2] Declaration of Common\Model\AdminNavModel::getTreeData($type = 'tree', $order = '') should be compatible with Common\Model\BaseModel::getTreeData($type = 'tree', $order = '', $name = 'name', $child = 'id', $parent = 'pid') D:\phpStudy\WWW\xqwl_admin_Lite\Application\Common\Model\AdminNavModel.class.php 第 10 行.
SQL: SHOW COLUMNS FROM `xqwl_admin_nav` [ RunTime:0.0156s ]
SQL: SELECT * FROM `xqwl_admin_nav` ORDER BY order_number is null,order_number,id  [ RunTime:0.0000s ]
SQL: SHOW COLUMNS FROM `xqwl_auth_group` [ RunTime:0.0000s ]
SQL: SELECT `title` FROM `xqwl_auth_group` WHERE `id` = 2 LIMIT 1   [ RunTime:0.0000s ]
SQL: SHOW COLUMNS FROM `xqwl_auth_group_access` [ RunTime:0.0000s ]
SQL: SELECT `uid` FROM `xqwl_auth_group_access` WHERE `group_id` = 2  [ RunTime:0.0000s ]
INFO: [ view_parse ] --START--
INFO: [ template_filter ] --START--
INFO: Run Behavior\ContentReplaceBehavior [ RunTime:0.000000s ]
INFO: [ template_filter ] --END-- [ RunTime:0.000000s ]
INFO: Run Behavior\ParseTemplateBehavior [ RunTime:0.015600s ]
INFO: [ view_parse ] --END-- [ RunTime:0.015600s ]
INFO: [ view_filter ] --START--
INFO: Run Behavior\WriteHtmlCacheBehavior [ RunTime:0.000000s ]
INFO: [ view_filter ] --END-- [ RunTime:0.000000s ]
INFO: [ app_end ] --START--
INFO: Run Behavior\ShowPageTraceBehavior [ RunTime:0.000000s ]
INFO: [ app_end ] --END-- [ RunTime:0.000000s ]

[ 2017-10-23T14:55:55+08:00 ] 127.0.0.1 /Admin/Rule/check_user/group_id/2?username=
INFO: [ app_init ] --START--
INFO: Run Behavior\BuildLiteBehavior [ RunTime:0.000000s ]
INFO: [ app_init ] --END-- [ RunTime:0.000000s ]
INFO: [ app_begin ] --START--
INFO: Run Behavior\ReadHtmlCacheBehavior [ RunTime:0.000000s ]
INFO: [ app_begin ] --END-- [ RunTime:0.000000s ]
SQL: SHOW COLUMNS FROM `xqwl_auth_group_access` [ RunTime:0.0000s ]
SQL: SELECT `uid`,`group_id`,`title`,`rules` FROM xqwl_auth_group_access a INNER JOIN xqwl_auth_group g on a.group_id=g.id  WHERE ( a.uid='88' and g.status='1' )  [ RunTime:0.0000s ]
SQL: SHOW COLUMNS FROM `xqwl_auth_rule` [ RunTime:0.0000s ]
SQL: SELECT `condition`,`name` FROM `xqwl_auth_rule` WHERE `id` IN ('6','96','20','1','2','3','4','5','64','21','7','8','9','10','11','12','13','14','15','16','123','19','130','131','132','133') AND `type` = 1 AND `status` = 1  [ RunTime:0.0000s ]
NOTIC: [2] Declaration of Common\Model\AdminNavModel::getTreeData($type = 'tree', $order = '') should be compatible with Common\Model\BaseModel::getTreeData($type = 'tree', $order = '', $name = 'name', $child = 'id', $parent = 'pid') D:\phpStudy\WWW\xqwl_admin_Lite\Application\Common\Model\AdminNavModel.class.php 第 10 行.
SQL: SHOW COLUMNS FROM `xqwl_admin_nav` [ RunTime:0.0000s ]
SQL: SELECT * FROM `xqwl_admin_nav` ORDER BY order_number is null,order_number,id  [ RunTime:0.0000s ]
SQL: SHOW COLUMNS FROM `xqwl_auth_group` [ RunTime:0.0000s ]
SQL: SELECT `title` FROM `xqwl_auth_group` WHERE `id` = 2 LIMIT 1   [ RunTime:0.0000s ]
SQL: SHOW COLUMNS FROM `xqwl_auth_group_access` [ RunTime:0.0000s ]
SQL: SELECT `uid` FROM `xqwl_auth_group_access` WHERE `group_id` = 2  [ RunTime:0.0000s ]
INFO: [ view_parse ] --START--
INFO: [ template_filter ] --START--
INFO: Run Behavior\ContentReplaceBehavior [ RunTime:0.000000s ]
INFO: [ template_filter ] --END-- [ RunTime:0.000000s ]
INFO: Run Behavior\ParseTemplateBehavior [ RunTime:0.000000s ]
INFO: [ view_parse ] --END-- [ RunTime:0.000000s ]
INFO: [ view_filter ] --START--
INFO: Run Behavior\WriteHtmlCacheBehavior [ RunTime:0.000000s ]
INFO: [ view_filter ] --END-- [ RunTime:0.000000s ]
INFO: [ app_end ] --START--
INFO: Run Behavior\ShowPageTraceBehavior [ RunTime:0.000000s ]
INFO: [ app_end ] --END-- [ RunTime:0.000000s ]

[ 2017-10-23T14:55:57+08:00 ] 127.0.0.1 /Admin/Rule/admin_user_list
INFO: [ app_init ] --START--
INFO: Run Behavior\BuildLiteBehavior [ RunTime:0.000000s ]
INFO: [ app_init ] --END-- [ RunTime:0.000000s ]
INFO: [ app_begin ] --START--
INFO: Run Behavior\ReadHtmlCacheBehavior [ RunTime:0.000000s ]
INFO: [ app_begin ] --END-- [ RunTime:0.000000s ]
SQL: SHOW COLUMNS FROM `xqwl_auth_group_access` [ RunTime:0.0000s ]
SQL: SELECT `uid`,`group_id`,`title`,`rules` FROM xqwl_auth_group_access a INNER JOIN xqwl_auth_group g on a.group_id=g.id  WHERE ( a.uid='88' and g.status='1' )  [ RunTime:0.0000s ]
SQL: SHOW COLUMNS FROM `xqwl_auth_rule` [ RunTime:0.0000s ]
SQL: SELECT `condition`,`name` FROM `xqwl_auth_rule` WHERE `id` IN ('6','96','20','1','2','3','4','5','64','21','7','8','9','10','11','12','13','14','15','16','123','19','130','131','132','133') AND `type` = 1 AND `status` = 1  [ RunTime:0.0000s ]
NOTIC: [2] Declaration of Common\Model\AdminNavModel::getTreeData($type = 'tree', $order = '') should be compatible with Common\Model\BaseModel::getTreeData($type = 'tree', $order = '', $name = 'name', $child = 'id', $parent = 'pid') D:\phpStudy\WWW\xqwl_admin_Lite\Application\Common\Model\AdminNavModel.class.php 第 10 行.
SQL: SHOW COLUMNS FROM `xqwl_admin_nav` [ RunTime:0.0156s ]
SQL: SELECT * FROM `xqwl_admin_nav` ORDER BY order_number is null,order_number,id  [ RunTime:0.0000s ]
SQL: SHOW COLUMNS FROM `xqwl_auth_group_access` [ RunTime:0.0000s ]
SQL: SELECT u.id,u.username,u.email,aga.group_id,ag.title FROM xqwl_auth_group_access aga RIGHT JOIN xqwl_admin u ON aga.uid=u.id LEFT JOIN xqwl_auth_group ag ON aga.group_id=ag.id   [ RunTime:0.0000s ]
INFO: [ view_parse ] --START--
INFO: [ template_filter ] --START--
INFO: Run Behavior\ContentReplaceBehavior [ RunTime:0.000000s ]
INFO: [ template_filter ] --END-- [ RunTime:0.000000s ]
INFO: Run Behavior\ParseTemplateBehavior [ RunTime:0.000000s ]
INFO: [ view_parse ] --END-- [ RunTime:0.000000s ]
INFO: [ view_filter ] --START--
INFO: Run Behavior\WriteHtmlCacheBehavior [ RunTime:0.000000s ]
INFO: [ view_filter ] --END-- [ RunTime:0.000000s ]
INFO: [ app_end ] --START--
INFO: Run Behavior\ShowPageTraceBehavior [ RunTime:0.000000s ]
INFO: [ app_end ] --END-- [ RunTime:0.000000s ]

[ 2017-10-23T14:55:59+08:00 ] 127.0.0.1 /Admin/Rule/edit_admin/id/91
INFO: [ app_init ] --START--
INFO: Run Behavior\BuildLiteBehavior [ RunTime:0.000000s ]
INFO: [ app_init ] --END-- [ RunTime:0.000000s ]
INFO: [ app_begin ] --START--
INFO: Run Behavior\ReadHtmlCacheBehavior [ RunTime:0.000000s ]
INFO: [ app_begin ] --END-- [ RunTime:0.000000s ]
SQL: SHOW COLUMNS FROM `xqwl_auth_group_access` [ RunTime:0.0000s ]
SQL: SELECT `uid`,`group_id`,`title`,`rules` FROM xqwl_auth_group_access a INNER JOIN xqwl_auth_group g on a.group_id=g.id  WHERE ( a.uid='88' and g.status='1' )  [ RunTime:0.0000s ]
SQL: SHOW COLUMNS FROM `xqwl_auth_rule` [ RunTime:0.0000s ]
SQL: SELECT `condition`,`name` FROM `xqwl_auth_rule` WHERE `id` IN ('6','96','20','1','2','3','4','5','64','21','7','8','9','10','11','12','13','14','15','16','123','19','130','131','132','133') AND `type` = 1 AND `status` = 1  [ RunTime:0.0000s ]
NOTIC: [2] Declaration of Common\Model\AdminNavModel::getTreeData($type = 'tree', $order = '') should be compatible with Common\Model\BaseModel::getTreeData($type = 'tree', $order = '', $name = 'name', $child = 'id', $parent = 'pid') D:\phpStudy\WWW\xqwl_admin_Lite\Application\Common\Model\AdminNavModel.class.php 第 10 行.
SQL: SHOW COLUMNS FROM `xqwl_admin_nav` [ RunTime:0.0000s ]
SQL: SELECT * FROM `xqwl_admin_nav` ORDER BY order_number is null,order_number,id  [ RunTime:0.0000s ]
SQL: SHOW COLUMNS FROM `xqwl_admin` [ RunTime:0.0156s ]
SQL: SELECT * FROM `xqwl_admin` WHERE `id` = 91 LIMIT 1   [ RunTime:0.0000s ]
SQL: SHOW COLUMNS FROM `xqwl_auth_group_access` [ RunTime:0.0000s ]
SQL: SELECT `group_id` FROM `xqwl_auth_group_access` WHERE `uid` = 91  [ RunTime:0.0000s ]
SQL: SHOW COLUMNS FROM `xqwl_auth_group` [ RunTime:0.0000s ]
SQL: SELECT * FROM `xqwl_auth_group`  [ RunTime:0.0000s ]
INFO: [ view_parse ] --START--
INFO: [ template_filter ] --START--
INFO: Run Behavior\ContentReplaceBehavior [ RunTime:0.000000s ]
INFO: [ template_filter ] --END-- [ RunTime:0.000000s ]
INFO: Run Behavior\ParseTemplateBehavior [ RunTime:0.015600s ]
INFO: [ view_parse ] --END-- [ RunTime:0.015600s ]
INFO: [ view_filter ] --START--
INFO: Run Behavior\WriteHtmlCacheBehavior [ RunTime:0.000000s ]
INFO: [ view_filter ] --END-- [ RunTime:0.000000s ]
INFO: [ app_end ] --START--
INFO: Run Behavior\ShowPageTraceBehavior [ RunTime:0.000000s ]
INFO: [ app_end ] --END-- [ RunTime:0.000000s ]

[ 2017-10-23T14:56:01+08:00 ] 127.0.0.1 /Admin/Rule/edit_admin/id/91
INFO: [ app_init ] --START--
INFO: Run Behavior\BuildLiteBehavior [ RunTime:0.000000s ]
INFO: [ app_init ] --END-- [ RunTime:0.000000s ]
INFO: [ app_begin ] --START--
INFO: Run Behavior\ReadHtmlCacheBehavior [ RunTime:0.000000s ]
INFO: [ app_begin ] --END-- [ RunTime:0.000000s ]
SQL: SHOW COLUMNS FROM `xqwl_auth_group_access` [ RunTime:0.0000s ]
SQL: SELECT `uid`,`group_id`,`title`,`rules` FROM xqwl_auth_group_access a INNER JOIN xqwl_auth_group g on a.group_id=g.id  WHERE ( a.uid='88' and g.status='1' )  [ RunTime:0.0000s ]
SQL: SHOW COLUMNS FROM `xqwl_auth_rule` [ RunTime:0.0000s ]
SQL: SELECT `condition`,`name` FROM `xqwl_auth_rule` WHERE `id` IN ('6','96','20','1','2','3','4','5','64','21','7','8','9','10','11','12','13','14','15','16','123','19','130','131','132','133') AND `type` = 1 AND `status` = 1  [ RunTime:0.0000s ]
NOTIC: [2] Declaration of Common\Model\AdminNavModel::getTreeData($type = 'tree', $order = '') should be compatible with Common\Model\BaseModel::getTreeData($type = 'tree', $order = '', $name = 'name', $child = 'id', $parent = 'pid') D:\phpStudy\WWW\xqwl_admin_Lite\Application\Common\Model\AdminNavModel.class.php 第 10 行.
SQL: SHOW COLUMNS FROM `xqwl_admin_nav` [ RunTime:0.0000s ]
SQL: SELECT * FROM `xqwl_admin_nav` ORDER BY order_number is null,order_number,id  [ RunTime:0.0000s ]
SQL: SHOW COLUMNS FROM `xqwl_auth_group_access` [ RunTime:0.0156s ]
NOTIC: [2] Illegal offset type in isset or empty D:\phpStudy\WWW\xqwl_admin_Lite\ThinkPHP\Library\Think\Model.class.php 第 511 行.
SQL: DELETE FROM `xqwl_auth_group_access` WHERE `uid` = 91 [ RunTime:0.0000s ]
NOTIC: [2] Illegal offset type in isset or empty D:\phpStudy\WWW\xqwl_admin_Lite\ThinkPHP\Library\Think\Model.class.php 第 1015 行.
NOTIC: [8] Undefined index: validate D:\phpStudy\WWW\xqwl_admin_Lite\ThinkPHP\Library\Think\Model.class.php 第 1185 行.
NOTIC: [8] Undefined index: auto D:\phpStudy\WWW\xqwl_admin_Lite\ThinkPHP\Library\Think\Model.class.php 第 1128 行.
SQL: INSERT INTO `xqwl_auth_group_access` (`uid`,`group_id`) VALUES ('91','2') [ RunTime:0.0000s ]
SQL: SHOW COLUMNS FROM `xqwl_admin` [ RunTime:0.0000s ]
NOTIC: [2] trim() expects parameter 1 to be string, array given D:\phpStudy\WWW\xqwl_admin_Lite\Application\Common\Model\BaseModel.class.php 第 51 行.
NOTIC: [8] Undefined index: validate D:\phpStudy\WWW\xqwl_admin_Lite\ThinkPHP\Library\Think\Model.class.php 第 1185 行.
NOTIC: [8] Undefined index: auto D:\phpStudy\WWW\xqwl_admin_Lite\ThinkPHP\Library\Think\Model.class.php 第 1128 行.
SQL: UPDATE `xqwl_admin` SET `id`='91',`username`='demo',`phone`='',`email`='',`status`='1' WHERE (  `id` = '91' ) [ RunTime:0.0000s ]

[ 2017-10-23T14:56:02+08:00 ] 127.0.0.1 /Admin/Rule/edit_admin/id/91
INFO: [ app_init ] --START--
INFO: Run Behavior\BuildLiteBehavior [ RunTime:0.000000s ]
INFO: [ app_init ] --END-- [ RunTime:0.000000s ]
INFO: [ app_begin ] --START--
INFO: Run Behavior\ReadHtmlCacheBehavior [ RunTime:0.000000s ]
INFO: [ app_begin ] --END-- [ RunTime:0.000000s ]
SQL: SHOW COLUMNS FROM `xqwl_auth_group_access` [ RunTime:0.0000s ]
SQL: SELECT `uid`,`group_id`,`title`,`rules` FROM xqwl_auth_group_access a INNER JOIN xqwl_auth_group g on a.group_id=g.id  WHERE ( a.uid='88' and g.status='1' )  [ RunTime:0.0000s ]
SQL: SHOW COLUMNS FROM `xqwl_auth_rule` [ RunTime:0.0000s ]
SQL: SELECT `condition`,`name` FROM `xqwl_auth_rule` WHERE `id` IN ('6','96','20','1','2','3','4','5','64','21','7','8','9','10','11','12','13','14','15','16','123','19','130','131','132','133') AND `type` = 1 AND `status` = 1  [ RunTime:0.0000s ]
NOTIC: [2] Declaration of Common\Model\AdminNavModel::getTreeData($type = 'tree', $order = '') should be compatible with Common\Model\BaseModel::getTreeData($type = 'tree', $order = '', $name = 'name', $child = 'id', $parent = 'pid') D:\phpStudy\WWW\xqwl_admin_Lite\Application\Common\Model\AdminNavModel.class.php 第 10 行.
SQL: SHOW COLUMNS FROM `xqwl_admin_nav` [ RunTime:0.0000s ]
SQL: SELECT * FROM `xqwl_admin_nav` ORDER BY order_number is null,order_number,id  [ RunTime:0.0156s ]
SQL: SHOW COLUMNS FROM `xqwl_admin` [ RunTime:0.0000s ]
SQL: SELECT * FROM `xqwl_admin` WHERE `id` = 91 LIMIT 1   [ RunTime:0.0000s ]
SQL: SHOW COLUMNS FROM `xqwl_auth_group_access` [ RunTime:0.0000s ]
SQL: SELECT `group_id` FROM `xqwl_auth_group_access` WHERE `uid` = 91  [ RunTime:0.0000s ]
SQL: SHOW COLUMNS FROM `xqwl_auth_group` [ RunTime:0.0000s ]
SQL: SELECT * FROM `xqwl_auth_group`  [ RunTime:0.0000s ]
INFO: [ view_parse ] --START--
INFO: [ template_filter ] --START--
INFO: Run Behavior\ContentReplaceBehavior [ RunTime:0.000000s ]
INFO: [ template_filter ] --END-- [ RunTime:0.000000s ]
INFO: Run Behavior\ParseTemplateBehavior [ RunTime:0.015600s ]
INFO: [ view_parse ] --END-- [ RunTime:0.015600s ]
INFO: [ view_filter ] --START--
INFO: Run Behavior\WriteHtmlCacheBehavior [ RunTime:0.000000s ]
INFO: [ view_filter ] --END-- [ RunTime:0.000000s ]
INFO: [ app_end ] --START--
INFO: Run Behavior\ShowPageTraceBehavior [ RunTime:0.000000s ]
INFO: [ app_end ] --END-- [ RunTime:0.000000s ]

[ 2017-10-23T14:56:04+08:00 ] 127.0.0.1 /Admin/Rule/admin_user_list
INFO: [ app_init ] --START--
INFO: Run Behavior\BuildLiteBehavior [ RunTime:0.000000s ]
INFO: [ app_init ] --END-- [ RunTime:0.000000s ]
INFO: [ app_begin ] --START--
INFO: Run Behavior\ReadHtmlCacheBehavior [ RunTime:0.000000s ]
INFO: [ app_begin ] --END-- [ RunTime:0.000000s ]
SQL: SHOW COLUMNS FROM `xqwl_auth_group_access` [ RunTime:0.0000s ]
SQL: SELECT `uid`,`group_id`,`title`,`rules` FROM xqwl_auth_group_access a INNER JOIN xqwl_auth_group g on a.group_id=g.id  WHERE ( a.uid='88' and g.status='1' )  [ RunTime:0.0000s ]
SQL: SHOW COLUMNS FROM `xqwl_auth_rule` [ RunTime:0.0000s ]
SQL: SELECT `condition`,`name` FROM `xqwl_auth_rule` WHERE `id` IN ('6','96','20','1','2','3','4','5','64','21','7','8','9','10','11','12','13','14','15','16','123','19','130','131','132','133') AND `type` = 1 AND `status` = 1  [ RunTime:0.0000s ]
NOTIC: [2] Declaration of Common\Model\AdminNavModel::getTreeData($type = 'tree', $order = '') should be compatible with Common\Model\BaseModel::getTreeData($type = 'tree', $order = '', $name = 'name', $child = 'id', $parent = 'pid') D:\phpStudy\WWW\xqwl_admin_Lite\Application\Common\Model\AdminNavModel.class.php 第 10 行.
SQL: SHOW COLUMNS FROM `xqwl_admin_nav` [ RunTime:0.0000s ]
SQL: SELECT * FROM `xqwl_admin_nav` ORDER BY order_number is null,order_number,id  [ RunTime:0.0000s ]
SQL: SHOW COLUMNS FROM `xqwl_auth_group_access` [ RunTime:0.0156s ]
SQL: SELECT u.id,u.username,u.email,aga.group_id,ag.title FROM xqwl_auth_group_access aga RIGHT JOIN xqwl_admin u ON aga.uid=u.id LEFT JOIN xqwl_auth_group ag ON aga.group_id=ag.id   [ RunTime:0.0000s ]
INFO: [ view_parse ] --START--
INFO: [ template_filter ] --START--
INFO: Run Behavior\ContentReplaceBehavior [ RunTime:0.000000s ]
INFO: [ template_filter ] --END-- [ RunTime:0.000000s ]
INFO: Run Behavior\ParseTemplateBehavior [ RunTime:0.000000s ]
INFO: [ view_parse ] --END-- [ RunTime:0.000000s ]
INFO: [ view_filter ] --START--
INFO: Run Behavior\WriteHtmlCacheBehavior [ RunTime:0.000000s ]
INFO: [ view_filter ] --END-- [ RunTime:0.000000s ]
INFO: [ app_end ] --START--
INFO: Run Behavior\ShowPageTraceBehavior [ RunTime:0.000000s ]
INFO: [ app_end ] --END-- [ RunTime:0.000000s ]

[ 2017-10-23T14:56:07+08:00 ] 127.0.0.1 /Admin/Rule/delete_admin/id/91
INFO: [ app_init ] --START--
INFO: Run Behavior\BuildLiteBehavior [ RunTime:0.000000s ]
INFO: [ app_init ] --END-- [ RunTime:0.000000s ]
INFO: [ app_begin ] --START--
INFO: Run Behavior\ReadHtmlCacheBehavior [ RunTime:0.000000s ]
INFO: [ app_begin ] --END-- [ RunTime:0.000000s ]
SQL: SHOW COLUMNS FROM `xqwl_auth_group_access` [ RunTime:0.0000s ]
SQL: SELECT `uid`,`group_id`,`title`,`rules` FROM xqwl_auth_group_access a INNER JOIN xqwl_auth_group g on a.group_id=g.id  WHERE ( a.uid='88' and g.status='1' )  [ RunTime:0.0000s ]
SQL: SHOW COLUMNS FROM `xqwl_auth_rule` [ RunTime:0.0000s ]
SQL: SELECT `condition`,`name` FROM `xqwl_auth_rule` WHERE `id` IN ('6','96','20','1','2','3','4','5','64','21','7','8','9','10','11','12','13','14','15','16','123','19','130','131','132','133') AND `type` = 1 AND `status` = 1  [ RunTime:0.0000s ]
NOTIC: [2] Declaration of Common\Model\AdminNavModel::getTreeData($type = 'tree', $order = '') should be compatible with Common\Model\BaseModel::getTreeData($type = 'tree', $order = '', $name = 'name', $child = 'id', $parent = 'pid') D:\phpStudy\WWW\xqwl_admin_Lite\Application\Common\Model\AdminNavModel.class.php 第 10 行.
SQL: SHOW COLUMNS FROM `xqwl_admin_nav` [ RunTime:0.0156s ]
SQL: SELECT * FROM `xqwl_admin_nav` ORDER BY order_number is null,order_number,id  [ RunTime:0.0000s ]
SQL: SHOW COLUMNS FROM `xqwl_admin` [ RunTime:0.0000s ]
SQL: DELETE FROM `xqwl_admin` WHERE `id` = 91 [ RunTime:0.0000s ]
SQL: SHOW COLUMNS FROM `xqwl_auth_group_access` [ RunTime:0.0000s ]
NOTIC: [2] Illegal offset type in isset or empty D:\phpStudy\WWW\xqwl_admin_Lite\ThinkPHP\Library\Think\Model.class.php 第 511 行.
SQL: DELETE FROM `xqwl_auth_group_access` WHERE `uid` = 91 [ RunTime:0.0000s ]

[ 2017-10-23T14:56:08+08:00 ] 127.0.0.1 /Admin/Rule/admin_user_list
INFO: [ app_init ] --START--
INFO: Run Behavior\BuildLiteBehavior [ RunTime:0.000000s ]
INFO: [ app_init ] --END-- [ RunTime:0.000000s ]
INFO: [ app_begin ] --START--
INFO: Run Behavior\ReadHtmlCacheBehavior [ RunTime:0.000000s ]
INFO: [ app_begin ] --END-- [ RunTime:0.000000s ]
SQL: SHOW COLUMNS FROM `xqwl_auth_group_access` [ RunTime:0.0000s ]
SQL: SELECT `uid`,`group_id`,`title`,`rules` FROM xqwl_auth_group_access a INNER JOIN xqwl_auth_group g on a.group_id=g.id  WHERE ( a.uid='88' and g.status='1' )  [ RunTime:0.0000s ]
SQL: SHOW COLUMNS FROM `xqwl_auth_rule` [ RunTime:0.0000s ]
SQL: SELECT `condition`,`name` FROM `xqwl_auth_rule` WHERE `id` IN ('6','96','20','1','2','3','4','5','64','21','7','8','9','10','11','12','13','14','15','16','123','19','130','131','132','133') AND `type` = 1 AND `status` = 1  [ RunTime:0.0000s ]
NOTIC: [2] Declaration of Common\Model\AdminNavModel::getTreeData($type = 'tree', $order = '') should be compatible with Common\Model\BaseModel::getTreeData($type = 'tree', $order = '', $name = 'name', $child = 'id', $parent = 'pid') D:\phpStudy\WWW\xqwl_admin_Lite\Application\Common\Model\AdminNavModel.class.php 第 10 行.
SQL: SHOW COLUMNS FROM `xqwl_admin_nav` [ RunTime:0.0000s ]
SQL: SELECT * FROM `xqwl_admin_nav` ORDER BY order_number is null,order_number,id  [ RunTime:0.0000s ]
SQL: SHOW COLUMNS FROM `xqwl_auth_group_access` [ RunTime:0.0156s ]
SQL: SELECT u.id,u.username,u.email,aga.group_id,ag.title FROM xqwl_auth_group_access aga RIGHT JOIN xqwl_admin u ON aga.uid=u.id LEFT JOIN xqwl_auth_group ag ON aga.group_id=ag.id   [ RunTime:0.0000s ]
INFO: [ view_parse ] --START--
INFO: [ template_filter ] --START--
INFO: Run Behavior\ContentReplaceBehavior [ RunTime:0.000000s ]
INFO: [ template_filter ] --END-- [ RunTime:0.000000s ]
INFO: Run Behavior\ParseTemplateBehavior [ RunTime:0.000000s ]
INFO: [ view_parse ] --END-- [ RunTime:0.000000s ]
INFO: [ view_filter ] --START--
INFO: Run Behavior\WriteHtmlCacheBehavior [ RunTime:0.000000s ]
INFO: [ view_filter ] --END-- [ RunTime:0.000000s ]
INFO: [ app_end ] --START--
INFO: Run Behavior\ShowPageTraceBehavior [ RunTime:0.000000s ]
INFO: [ app_end ] --END-- [ RunTime:0.000000s ]

[ 2017-10-23T15:20:41+08:00 ] 127.0.0.1 /Admin/Nav/index
INFO: [ app_init ] --START--
INFO: Run Behavior\BuildLiteBehavior [ RunTime:0.000000s ]
INFO: [ app_init ] --END-- [ RunTime:0.015600s ]
INFO: [ app_begin ] --START--
INFO: Run Behavior\ReadHtmlCacheBehavior [ RunTime:0.000000s ]
INFO: [ app_begin ] --END-- [ RunTime:0.000000s ]
SQL: SHOW COLUMNS FROM `xqwl_auth_group_access` [ RunTime:0.0000s ]
SQL: SELECT `uid`,`group_id`,`title`,`rules` FROM xqwl_auth_group_access a INNER JOIN xqwl_auth_group g on a.group_id=g.id  WHERE ( a.uid='88' and g.status='1' )  [ RunTime:0.0000s ]
SQL: SHOW COLUMNS FROM `xqwl_auth_rule` [ RunTime:0.0156s ]
SQL: SELECT `condition`,`name` FROM `xqwl_auth_rule` WHERE `id` IN ('6','96','20','1','2','3','4','5','64','21','7','8','9','10','11','12','13','14','15','16','123','19','130','131','132','133') AND `type` = 1 AND `status` = 1  [ RunTime:0.0000s ]
NOTIC: [2] Declaration of Common\Model\AdminNavModel::getTreeData($type = 'tree', $order = '') should be compatible with Common\Model\BaseModel::getTreeData($type = 'tree', $order = '', $name = 'name', $child = 'id', $parent = 'pid') D:\phpStudy\WWW\xqwl_admin_Lite\Application\Common\Model\AdminNavModel.class.php 第 10 行.
SQL: SHOW COLUMNS FROM `xqwl_admin_nav` [ RunTime:0.0000s ]
SQL: SELECT * FROM `xqwl_admin_nav` ORDER BY order_number is null,order_number,id  [ RunTime:0.0000s ]
SQL: SELECT * FROM `xqwl_admin_nav` ORDER BY order_number is null,order_number,id  [ RunTime:0.0000s ]
INFO: [ view_parse ] --START--
INFO: [ template_filter ] --START--
INFO: Run Behavior\ContentReplaceBehavior [ RunTime:0.000000s ]
INFO: [ template_filter ] --END-- [ RunTime:0.000000s ]
INFO: Run Behavior\ParseTemplateBehavior [ RunTime:0.015600s ]
INFO: [ view_parse ] --END-- [ RunTime:0.015600s ]
INFO: [ view_filter ] --START--
INFO: Run Behavior\WriteHtmlCacheBehavior [ RunTime:0.000000s ]
INFO: [ view_filter ] --END-- [ RunTime:0.000000s ]
INFO: [ app_end ] --START--
INFO: Run Behavior\ShowPageTraceBehavior [ RunTime:0.000000s ]
INFO: [ app_end ] --END-- [ RunTime:0.000000s ]

[ 2017-10-23T15:40:30+08:00 ] 127.0.0.1 /Admin/Nav/index
INFO: [ app_init ] --START--
INFO: Run Behavior\BuildLiteBehavior [ RunTime:0.000000s ]
INFO: [ app_init ] --END-- [ RunTime:0.000000s ]
INFO: [ app_begin ] --START--
INFO: Run Behavior\ReadHtmlCacheBehavior [ RunTime:0.000000s ]
INFO: [ app_begin ] --END-- [ RunTime:0.000000s ]
SQL: SHOW COLUMNS FROM `xqwl_auth_group_access` [ RunTime:0.0000s ]
SQL: SELECT `uid`,`group_id`,`title`,`rules` FROM xqwl_auth_group_access a INNER JOIN xqwl_auth_group g on a.group_id=g.id  WHERE ( a.uid='88' and g.status='1' )  [ RunTime:0.0000s ]
SQL: SHOW COLUMNS FROM `xqwl_auth_rule` [ RunTime:0.0000s ]
SQL: SELECT `condition`,`name` FROM `xqwl_auth_rule` WHERE `id` IN ('6','96','20','1','2','3','4','5','64','21','7','8','9','10','11','12','13','14','15','16','123','19','130','131','132','133') AND `type` = 1 AND `status` = 1  [ RunTime:0.0000s ]
NOTIC: [2] Declaration of Common\Model\AdminNavModel::getTreeData($type = 'tree', $order = '') should be compatible with Common\Model\BaseModel::getTreeData($type = 'tree', $order = '', $name = 'name', $child = 'id', $parent = 'pid') D:\phpStudy\WWW\xqwl_admin_Lite\Application\Common\Model\AdminNavModel.class.php 第 10 行.
SQL: SHOW COLUMNS FROM `xqwl_admin_nav` [ RunTime:0.0156s ]
SQL: SELECT * FROM `xqwl_admin_nav` ORDER BY order_number is null,order_number,id  [ RunTime:0.0000s ]
SQL: SELECT * FROM `xqwl_admin_nav` ORDER BY order_number is null,order_number,id  [ RunTime:0.0000s ]
INFO: [ view_parse ] --START--
INFO: [ template_filter ] --START--
INFO: Run Behavior\ContentReplaceBehavior [ RunTime:0.000000s ]
INFO: [ template_filter ] --END-- [ RunTime:0.000000s ]
INFO: Run Behavior\ParseTemplateBehavior [ RunTime:0.000000s ]
INFO: [ view_parse ] --END-- [ RunTime:0.000000s ]
INFO: [ view_filter ] --START--
INFO: Run Behavior\WriteHtmlCacheBehavior [ RunTime:0.000000s ]
INFO: [ view_filter ] --END-- [ RunTime:0.000000s ]
INFO: [ app_end ] --START--
INFO: Run Behavior\ShowPageTraceBehavior [ RunTime:0.000000s ]
INFO: [ app_end ] --END-- [ RunTime:0.000000s ]

[ 2017-10-23T15:40:31+08:00 ] 127.0.0.1 /Admin/Rule/index
INFO: [ app_init ] --START--
INFO: Run Behavior\BuildLiteBehavior [ RunTime:0.000000s ]
INFO: [ app_init ] --END-- [ RunTime:0.000000s ]
INFO: [ app_begin ] --START--
INFO: Run Behavior\ReadHtmlCacheBehavior [ RunTime:0.015600s ]
INFO: [ app_begin ] --END-- [ RunTime:0.015600s ]
SQL: SHOW COLUMNS FROM `xqwl_auth_group_access` [ RunTime:0.0000s ]
SQL: SELECT `uid`,`group_id`,`title`,`rules` FROM xqwl_auth_group_access a INNER JOIN xqwl_auth_group g on a.group_id=g.id  WHERE ( a.uid='88' and g.status='1' )  [ RunTime:0.0000s ]
SQL: SHOW COLUMNS FROM `xqwl_auth_rule` [ RunTime:0.0000s ]
SQL: SELECT `condition`,`name` FROM `xqwl_auth_rule` WHERE `id` IN ('6','96','20','1','2','3','4','5','64','21','7','8','9','10','11','12','13','14','15','16','123','19','130','131','132','133') AND `type` = 1 AND `status` = 1  [ RunTime:0.0000s ]
NOTIC: [2] Declaration of Common\Model\AdminNavModel::getTreeData($type = 'tree', $order = '') should be compatible with Common\Model\BaseModel::getTreeData($type = 'tree', $order = '', $name = 'name', $child = 'id', $parent = 'pid') D:\phpStudy\WWW\xqwl_admin_Lite\Application\Common\Model\AdminNavModel.class.php 第 10 行.
SQL: SHOW COLUMNS FROM `xqwl_admin_nav` [ RunTime:0.0000s ]
SQL: SELECT * FROM `xqwl_admin_nav` ORDER BY order_number is null,order_number,id  [ RunTime:0.0000s ]
SQL: SHOW COLUMNS FROM `xqwl_auth_rule` [ RunTime:0.0156s ]
SQL: SELECT * FROM `xqwl_auth_rule` ORDER BY id is null,id  [ RunTime:0.0000s ]
INFO: [ view_parse ] --START--
INFO: [ template_filter ] --START--
INFO: Run Behavior\ContentReplaceBehavior [ RunTime:0.000000s ]
INFO: [ template_filter ] --END-- [ RunTime:0.000000s ]
INFO: Run Behavior\ParseTemplateBehavior [ RunTime:0.000000s ]
INFO: [ view_parse ] --END-- [ RunTime:0.000000s ]
INFO: [ view_filter ] --START--
INFO: Run Behavior\WriteHtmlCacheBehavior [ RunTime:0.000000s ]
INFO: [ view_filter ] --END-- [ RunTime:0.000000s ]
INFO: [ app_end ] --START--
INFO: Run Behavior\ShowPageTraceBehavior [ RunTime:0.000000s ]
INFO: [ app_end ] --END-- [ RunTime:0.000000s ]

[ 2017-10-23T15:40:32+08:00 ] 127.0.0.1 /Admin/Rule/admin_user_list
INFO: [ app_init ] --START--
INFO: Run Behavior\BuildLiteBehavior [ RunTime:0.000000s ]
INFO: [ app_init ] --END-- [ RunTime:0.000000s ]
INFO: [ app_begin ] --START--
INFO: Run Behavior\ReadHtmlCacheBehavior [ RunTime:0.000000s ]
INFO: [ app_begin ] --END-- [ RunTime:0.000000s ]
SQL: SHOW COLUMNS FROM `xqwl_auth_group_access` [ RunTime:0.0000s ]
SQL: SELECT `uid`,`group_id`,`title`,`rules` FROM xqwl_auth_group_access a INNER JOIN xqwl_auth_group g on a.group_id=g.id  WHERE ( a.uid='88' and g.status='1' )  [ RunTime:0.0000s ]
SQL: SHOW COLUMNS FROM `xqwl_auth_rule` [ RunTime:0.0000s ]
SQL: SELECT `condition`,`name` FROM `xqwl_auth_rule` WHERE `id` IN ('6','96','20','1','2','3','4','5','64','21','7','8','9','10','11','12','13','14','15','16','123','19','130','131','132','133') AND `type` = 1 AND `status` = 1  [ RunTime:0.0000s ]
NOTIC: [2] Declaration of Common\Model\AdminNavModel::getTreeData($type = 'tree', $order = '') should be compatible with Common\Model\BaseModel::getTreeData($type = 'tree', $order = '', $name = 'name', $child = 'id', $parent = 'pid') D:\phpStudy\WWW\xqwl_admin_Lite\Application\Common\Model\AdminNavModel.class.php 第 10 行.
SQL: SHOW COLUMNS FROM `xqwl_admin_nav` [ RunTime:0.0000s ]
SQL: SELECT * FROM `xqwl_admin_nav` ORDER BY order_number is null,order_number,id  [ RunTime:0.0000s ]
SQL: SHOW COLUMNS FROM `xqwl_auth_group_access` [ RunTime:0.0156s ]
SQL: SELECT u.id,u.username,u.email,aga.group_id,ag.title FROM xqwl_auth_group_access aga RIGHT JOIN xqwl_admin u ON aga.uid=u.id LEFT JOIN xqwl_auth_group ag ON aga.group_id=ag.id   [ RunTime:0.0000s ]
INFO: [ view_parse ] --START--
INFO: [ template_filter ] --START--
INFO: Run Behavior\ContentReplaceBehavior [ RunTime:0.000000s ]
INFO: [ template_filter ] --END-- [ RunTime:0.000000s ]
INFO: Run Behavior\ParseTemplateBehavior [ RunTime:0.000000s ]
INFO: [ view_parse ] --END-- [ RunTime:0.000000s ]
INFO: [ view_filter ] --START--
INFO: Run Behavior\WriteHtmlCacheBehavior [ RunTime:0.000000s ]
INFO: [ view_filter ] --END-- [ RunTime:0.000000s ]
INFO: [ app_end ] --START--
INFO: Run Behavior\ShowPageTraceBehavior [ RunTime:0.000000s ]
INFO: [ app_end ] --END-- [ RunTime:0.000000s ]

[ 2017-10-23T15:40:32+08:00 ] 127.0.0.1 /Admin/Rule/group
INFO: [ app_init ] --START--
INFO: Run Behavior\BuildLiteBehavior [ RunTime:0.000000s ]
INFO: [ app_init ] --END-- [ RunTime:0.000000s ]
INFO: [ app_begin ] --START--
INFO: Run Behavior\ReadHtmlCacheBehavior [ RunTime:0.000000s ]
INFO: [ app_begin ] --END-- [ RunTime:0.000000s ]
SQL: SHOW COLUMNS FROM `xqwl_auth_group_access` [ RunTime:0.0000s ]
SQL: SELECT `uid`,`group_id`,`title`,`rules` FROM xqwl_auth_group_access a INNER JOIN xqwl_auth_group g on a.group_id=g.id  WHERE ( a.uid='88' and g.status='1' )  [ RunTime:0.0000s ]
SQL: SHOW COLUMNS FROM `xqwl_auth_rule` [ RunTime:0.0000s ]
SQL: SELECT `condition`,`name` FROM `xqwl_auth_rule` WHERE `id` IN ('6','96','20','1','2','3','4','5','64','21','7','8','9','10','11','12','13','14','15','16','123','19','130','131','132','133') AND `type` = 1 AND `status` = 1  [ RunTime:0.0000s ]
NOTIC: [2] Declaration of Common\Model\AdminNavModel::getTreeData($type = 'tree', $order = '') should be compatible with Common\Model\BaseModel::getTreeData($type = 'tree', $order = '', $name = 'name', $child = 'id', $parent = 'pid') D:\phpStudy\WWW\xqwl_admin_Lite\Application\Common\Model\AdminNavModel.class.php 第 10 行.
SQL: SHOW COLUMNS FROM `xqwl_admin_nav` [ RunTime:0.0000s ]
SQL: SELECT * FROM `xqwl_admin_nav` ORDER BY order_number is null,order_number,id  [ RunTime:0.0000s ]
SQL: SHOW COLUMNS FROM `xqwl_auth_group` [ RunTime:0.0156s ]
SQL: SELECT * FROM `xqwl_auth_group`  [ RunTime:0.0000s ]
INFO: [ view_parse ] --START--
INFO: [ template_filter ] --START--
INFO: Run Behavior\ContentReplaceBehavior [ RunTime:0.000000s ]
INFO: [ template_filter ] --END-- [ RunTime:0.000000s ]
INFO: Run Behavior\ParseTemplateBehavior [ RunTime:0.000000s ]
INFO: [ view_parse ] --END-- [ RunTime:0.000000s ]
INFO: [ view_filter ] --START--
INFO: Run Behavior\WriteHtmlCacheBehavior [ RunTime:0.000000s ]
INFO: [ view_filter ] --END-- [ RunTime:0.000000s ]
INFO: [ app_end ] --START--
INFO: Run Behavior\ShowPageTraceBehavior [ RunTime:0.000000s ]
INFO: [ app_end ] --END-- [ RunTime:0.000000s ]

