[ 2020-05-07T11:13:34+08:00 ] ::1 /oviio/admin
INFO: [ app_init ] --START--
INFO: Run Behavior\BuildLiteBehavior [ RunTime:0.000024s ]
INFO: [ app_init ] --END-- [ RunTime:0.000542s ]
INFO: [ app_begin ] --START--
INFO: Run Behavior\ReadHtmlCacheBehavior [ RunTime:0.000621s ]
INFO: [ app_begin ] --END-- [ RunTime:0.000729s ]
NOTIC: [8] Undefined index: admin D:\ruanjian\wamp\www\oviio\Application\Common\Common\function.php 第 117 行.

[ 2020-05-07T11:13:34+08:00 ] ::1 /oviio/Admin/Login/index
INFO: [ app_init ] --START--
INFO: Run Behavior\BuildLiteBehavior [ RunTime:0.000026s ]
INFO: [ app_init ] --END-- [ RunTime:0.000563s ]
INFO: [ app_begin ] --START--
INFO: Run Behavior\ReadHtmlCacheBehavior [ RunTime:0.000621s ]
INFO: [ app_begin ] --END-- [ RunTime:0.000734s ]
NOTIC: [8] Undefined variable: assign D:\ruanjian\wamp\www\oviio\Application\Admin\Controller\LoginController.class.php 第 46 行.
INFO: [ view_parse ] --START--
INFO: [ template_filter ] --START--
INFO: Run Behavior\ContentReplaceBehavior [ RunTime:0.000138s ]
INFO: [ template_filter ] --END-- [ RunTime:0.000258s ]
INFO: Run Behavior\ParseTemplateBehavior [ RunTime:0.016727s ]
INFO: [ view_parse ] --END-- [ RunTime:0.016871s ]
INFO: [ view_filter ] --START--
INFO: Run Behavior\WriteHtmlCacheBehavior [ RunTime:0.000864s ]
INFO: [ view_filter ] --END-- [ RunTime:0.000969s ]
INFO: [ app_end ] --START--
INFO: Run Behavior\ShowPageTraceBehavior [ RunTime:0.001108s ]
INFO: [ app_end ] --END-- [ RunTime:0.001310s ]

[ 2020-05-07T11:13:35+08:00 ] ::1 /oviio/Admin/Login/verify
INFO: [ app_init ] --START--
INFO: Run Behavior\BuildLiteBehavior [ RunTime:0.000032s ]
INFO: [ app_init ] --END-- [ RunTime:0.000832s ]
INFO: [ app_begin ] --START--
INFO: Run Behavior\ReadHtmlCacheBehavior [ RunTime:0.000925s ]
INFO: [ app_begin ] --END-- [ RunTime:0.001077s ]
INFO: [ app_end ] --START--
INFO: Run Behavior\ShowPageTraceBehavior [ RunTime:0.001136s ]
INFO: [ app_end ] --END-- [ RunTime:0.001284s ]

[ 2020-05-07T11:13:44+08:00 ] ::1 /oviio/Admin/Login/index
INFO: [ app_init ] --START--
INFO: Run Behavior\BuildLiteBehavior [ RunTime:0.000024s ]
INFO: [ app_init ] --END-- [ RunTime:0.000535s ]
INFO: [ app_begin ] --START--
INFO: Run Behavior\ReadHtmlCacheBehavior [ RunTime:0.000677s ]
INFO: [ app_begin ] --END-- [ RunTime:0.000779s ]
SQL: SHOW COLUMNS FROM `dftk_admin` [ RunTime:0.0385s ]
SQL: SELECT * FROM `dftk_admin` WHERE `username` = 'admin' LIMIT 1   [ RunTime:0.0005s ]

[ 2020-05-07T11:13:46+08:00 ] ::1 /oviio/Admin/Index/index
INFO: [ app_init ] --START--
INFO: Run Behavior\BuildLiteBehavior [ RunTime:0.000026s ]
INFO: [ app_init ] --END-- [ RunTime:0.000587s ]
INFO: [ app_begin ] --START--
INFO: Run Behavior\ReadHtmlCacheBehavior [ RunTime:0.000745s ]
INFO: [ app_begin ] --END-- [ RunTime:0.000877s ]
SQL: SHOW COLUMNS FROM `dftk_auth_group_access` [ RunTime:0.0135s ]
SQL: SELECT `uid`,`group_id`,`title`,`rules` FROM dftk_auth_group_access a INNER JOIN dftk_auth_group g on a.group_id=g.id  WHERE ( a.uid='88' and g.status='1' )  [ RunTime:0.0205s ]
SQL: SHOW COLUMNS FROM `dftk_auth_rule` [ RunTime:0.0020s ]
SQL: SELECT `condition`,`name` FROM `dftk_auth_rule` WHERE `id` IN ('6','96','20','1','2','3','4','5','64','21','7','8','9','10','11','12','13','14','15','16','123','19','130','131','132') AND `type` = 1 AND `status` = 1  [ RunTime:0.0085s ]
NOTIC: [2048] Declaration of Common\Model\AdminNavModel::getTreeData() should be compatible with Common\Model\BaseModel::getTreeData($type = 'tree', $order = '', $name = 'name', $child = 'id', $parent = 'pid') D:\ruanjian\wamp\www\oviio\Application\Common\Model\AdminNavModel.class.php 第 10 行.
SQL: SHOW COLUMNS FROM `dftk_admin_nav` [ RunTime:0.0093s ]
SQL: SELECT * FROM `dftk_admin_nav` ORDER BY order_number is null,order_number,id  [ RunTime:0.0004s ]
INFO: [ view_parse ] --START--
INFO: [ template_filter ] --START--
INFO: Run Behavior\ContentReplaceBehavior [ RunTime:0.000178s ]
INFO: [ template_filter ] --END-- [ RunTime:0.000299s ]
INFO: Run Behavior\ParseTemplateBehavior [ RunTime:0.029416s ]
INFO: [ view_parse ] --END-- [ RunTime:0.029553s ]
INFO: [ view_filter ] --START--
INFO: Run Behavior\WriteHtmlCacheBehavior [ RunTime:0.000963s ]
INFO: [ view_filter ] --END-- [ RunTime:0.001073s ]
INFO: [ app_end ] --START--
INFO: Run Behavior\ShowPageTraceBehavior [ RunTime:0.000775s ]
INFO: [ app_end ] --END-- [ RunTime:0.000894s ]

[ 2020-05-07T11:15:29+08:00 ] ::1 /oviio/Admin/Rule/index
INFO: [ app_init ] --START--
INFO: Run Behavior\BuildLiteBehavior [ RunTime:0.000025s ]
INFO: [ app_init ] --END-- [ RunTime:0.000676s ]
INFO: [ app_begin ] --START--
INFO: Run Behavior\ReadHtmlCacheBehavior [ RunTime:0.000944s ]
INFO: [ app_begin ] --END-- [ RunTime:0.001059s ]
SQL: SHOW COLUMNS FROM `dftk_auth_group_access` [ RunTime:0.0011s ]
SQL: SELECT `uid`,`group_id`,`title`,`rules` FROM dftk_auth_group_access a INNER JOIN dftk_auth_group g on a.group_id=g.id  WHERE ( a.uid='88' and g.status='1' )  [ RunTime:0.0007s ]
SQL: SHOW COLUMNS FROM `dftk_auth_rule` [ RunTime:0.0009s ]
SQL: SELECT `condition`,`name` FROM `dftk_auth_rule` WHERE `id` IN ('6','96','20','1','2','3','4','5','64','21','7','8','9','10','11','12','13','14','15','16','123','19','130','131','132') AND `type` = 1 AND `status` = 1  [ RunTime:0.0004s ]
NOTIC: [2048] Declaration of Common\Model\AdminNavModel::getTreeData() should be compatible with Common\Model\BaseModel::getTreeData($type = 'tree', $order = '', $name = 'name', $child = 'id', $parent = 'pid') D:\ruanjian\wamp\www\oviio\Application\Common\Model\AdminNavModel.class.php 第 10 行.
SQL: SHOW COLUMNS FROM `dftk_admin_nav` [ RunTime:0.0008s ]
SQL: SELECT * FROM `dftk_admin_nav` ORDER BY order_number is null,order_number,id  [ RunTime:0.0003s ]
SQL: SHOW COLUMNS FROM `dftk_auth_rule` [ RunTime:0.0006s ]
SQL: SELECT * FROM `dftk_auth_rule` ORDER BY id is null,id  [ RunTime:0.0004s ]
INFO: [ view_parse ] --START--
INFO: [ template_filter ] --START--
INFO: Run Behavior\ContentReplaceBehavior [ RunTime:0.000237s ]
INFO: [ template_filter ] --END-- [ RunTime:0.000357s ]
INFO: Run Behavior\ParseTemplateBehavior [ RunTime:0.056410s ]
INFO: [ view_parse ] --END-- [ RunTime:0.056551s ]
INFO: [ view_filter ] --START--
INFO: Run Behavior\WriteHtmlCacheBehavior [ RunTime:0.000863s ]
INFO: [ view_filter ] --END-- [ RunTime:0.000975s ]
INFO: [ app_end ] --START--
INFO: Run Behavior\ShowPageTraceBehavior [ RunTime:0.001160s ]
INFO: [ app_end ] --END-- [ RunTime:0.001270s ]

[ 2020-05-07T11:15:50+08:00 ] ::1 /oviio/Admin/ShowNav/rule
INFO: [ app_init ] --START--
INFO: Run Behavior\BuildLiteBehavior [ RunTime:0.000024s ]
INFO: [ app_init ] --END-- [ RunTime:0.000597s ]
INFO: [ app_begin ] --START--
INFO: Run Behavior\ReadHtmlCacheBehavior [ RunTime:0.000696s ]
INFO: [ app_begin ] --END-- [ RunTime:0.000838s ]
ERR: 无法加载控制器:ShowNav

[ 2020-05-07T11:35:44+08:00 ] ::1 /oviio/Admin/Rule/add
INFO: [ app_init ] --START--
INFO: Run Behavior\BuildLiteBehavior [ RunTime:0.000024s ]
INFO: [ app_init ] --END-- [ RunTime:0.000639s ]
INFO: [ app_begin ] --START--
INFO: Run Behavior\ReadHtmlCacheBehavior [ RunTime:0.000830s ]
INFO: [ app_begin ] --END-- [ RunTime:0.000935s ]
SQL: SHOW COLUMNS FROM `dftk_auth_group_access` [ RunTime:0.0012s ]
SQL: SELECT `uid`,`group_id`,`title`,`rules` FROM dftk_auth_group_access a INNER JOIN dftk_auth_group g on a.group_id=g.id  WHERE ( a.uid='88' and g.status='1' )  [ RunTime:0.0007s ]
SQL: SHOW COLUMNS FROM `dftk_auth_rule` [ RunTime:0.0010s ]
SQL: SELECT `condition`,`name` FROM `dftk_auth_rule` WHERE `id` IN ('6','96','20','1','2','3','4','5','64','21','7','8','9','10','11','12','13','14','15','16','123','19','130','131','132') AND `type` = 1 AND `status` = 1  [ RunTime:0.0004s ]
NOTIC: [2048] Declaration of Common\Model\AdminNavModel::getTreeData() should be compatible with Common\Model\BaseModel::getTreeData($type = 'tree', $order = '', $name = 'name', $child = 'id', $parent = 'pid') D:\ruanjian\wamp\www\oviio\Application\Common\Model\AdminNavModel.class.php 第 10 行.
SQL: SHOW COLUMNS FROM `dftk_admin_nav` [ RunTime:0.0009s ]
SQL: SELECT * FROM `dftk_admin_nav` ORDER BY order_number is null,order_number,id  [ RunTime:0.0003s ]
SQL: SHOW COLUMNS FROM `dftk_auth_rule` [ RunTime:0.0004s ]
NOTIC: [8] Undefined index: validate D:\ruanjian\wamp\www\oviio\ThinkPHP\Library\Think\Model.class.php 第 1185 行.
SQL: SELECT * FROM `dftk_auth_rule` WHERE `name` = 'Admin/ShowNav/customer' LIMIT 1   [ RunTime:0.0003s ]
NOTIC: [8] Undefined index: auto D:\ruanjian\wamp\www\oviio\ThinkPHP\Library\Think\Model.class.php 第 1128 行.
SQL: INSERT INTO `dftk_auth_rule` (`pid`,`title`,`name`) VALUES ('0','质保管理','Admin/ShowNav/customer') [ RunTime:0.0003s ]

[ 2020-05-07T11:35:45+08:00 ] ::1 /oviio/Admin/Rule/index
INFO: [ app_init ] --START--
INFO: Run Behavior\BuildLiteBehavior [ RunTime:0.000024s ]
INFO: [ app_init ] --END-- [ RunTime:0.000544s ]
INFO: [ app_begin ] --START--
INFO: Run Behavior\ReadHtmlCacheBehavior [ RunTime:0.000625s ]
INFO: [ app_begin ] --END-- [ RunTime:0.000737s ]
SQL: SHOW COLUMNS FROM `dftk_auth_group_access` [ RunTime:0.0010s ]
SQL: SELECT `uid`,`group_id`,`title`,`rules` FROM dftk_auth_group_access a INNER JOIN dftk_auth_group g on a.group_id=g.id  WHERE ( a.uid='88' and g.status='1' )  [ RunTime:0.0007s ]
SQL: SHOW COLUMNS FROM `dftk_auth_rule` [ RunTime:0.0008s ]
SQL: SELECT `condition`,`name` FROM `dftk_auth_rule` WHERE `id` IN ('6','96','20','1','2','3','4','5','64','21','7','8','9','10','11','12','13','14','15','16','123','19','130','131','132') AND `type` = 1 AND `status` = 1  [ RunTime:0.0003s ]
NOTIC: [2048] Declaration of Common\Model\AdminNavModel::getTreeData() should be compatible with Common\Model\BaseModel::getTreeData($type = 'tree', $order = '', $name = 'name', $child = 'id', $parent = 'pid') D:\ruanjian\wamp\www\oviio\Application\Common\Model\AdminNavModel.class.php 第 10 行.
SQL: SHOW COLUMNS FROM `dftk_admin_nav` [ RunTime:0.0008s ]
SQL: SELECT * FROM `dftk_admin_nav` ORDER BY order_number is null,order_number,id  [ RunTime:0.0003s ]
SQL: SHOW COLUMNS FROM `dftk_auth_rule` [ RunTime:0.0005s ]
SQL: SELECT * FROM `dftk_auth_rule` ORDER BY id is null,id  [ RunTime:0.0004s ]
INFO: [ view_parse ] --START--
INFO: [ template_filter ] --START--
INFO: Run Behavior\ContentReplaceBehavior [ RunTime:0.000271s ]
INFO: [ template_filter ] --END-- [ RunTime:0.000402s ]
INFO: Run Behavior\ParseTemplateBehavior [ RunTime:0.025989s ]
INFO: [ view_parse ] --END-- [ RunTime:0.026102s ]
INFO: [ view_filter ] --START--
INFO: Run Behavior\WriteHtmlCacheBehavior [ RunTime:0.000946s ]
INFO: [ view_filter ] --END-- [ RunTime:0.001098s ]
INFO: [ app_end ] --START--
INFO: Run Behavior\ShowPageTraceBehavior [ RunTime:0.001157s ]
INFO: [ app_end ] --END-- [ RunTime:0.001267s ]

[ 2020-05-07T11:36:28+08:00 ] ::1 /oviio/Admin/Rule/add
INFO: [ app_init ] --START--
INFO: Run Behavior\BuildLiteBehavior [ RunTime:0.000024s ]
INFO: [ app_init ] --END-- [ RunTime:0.000525s ]
INFO: [ app_begin ] --START--
INFO: Run Behavior\ReadHtmlCacheBehavior [ RunTime:0.000651s ]
INFO: [ app_begin ] --END-- [ RunTime:0.000746s ]
SQL: SHOW COLUMNS FROM `dftk_auth_group_access` [ RunTime:0.0010s ]
SQL: SELECT `uid`,`group_id`,`title`,`rules` FROM dftk_auth_group_access a INNER JOIN dftk_auth_group g on a.group_id=g.id  WHERE ( a.uid='88' and g.status='1' )  [ RunTime:0.0007s ]
SQL: SHOW COLUMNS FROM `dftk_auth_rule` [ RunTime:0.0008s ]
SQL: SELECT `condition`,`name` FROM `dftk_auth_rule` WHERE `id` IN ('6','96','20','1','2','3','4','5','64','21','7','8','9','10','11','12','13','14','15','16','123','19','130','131','132') AND `type` = 1 AND `status` = 1  [ RunTime:0.0003s ]
NOTIC: [2048] Declaration of Common\Model\AdminNavModel::getTreeData() should be compatible with Common\Model\BaseModel::getTreeData($type = 'tree', $order = '', $name = 'name', $child = 'id', $parent = 'pid') D:\ruanjian\wamp\www\oviio\Application\Common\Model\AdminNavModel.class.php 第 10 行.
SQL: SHOW COLUMNS FROM `dftk_admin_nav` [ RunTime:0.0007s ]
SQL: SELECT * FROM `dftk_admin_nav` ORDER BY order_number is null,order_number,id  [ RunTime:0.0003s ]
SQL: SHOW COLUMNS FROM `dftk_auth_rule` [ RunTime:0.0006s ]
NOTIC: [8] Undefined index: validate D:\ruanjian\wamp\www\oviio\ThinkPHP\Library\Think\Model.class.php 第 1185 行.
SQL: SELECT * FROM `dftk_auth_rule` WHERE `name` = 'Admin/Customer/index' LIMIT 1   [ RunTime:0.0002s ]
NOTIC: [8] Undefined index: auto D:\ruanjian\wamp\www\oviio\ThinkPHP\Library\Think\Model.class.php 第 1128 行.
SQL: INSERT INTO `dftk_auth_rule` (`pid`,`title`,`name`) VALUES ('135','客户信息','Admin/Customer/index') [ RunTime:0.0003s ]

[ 2020-05-07T11:36:30+08:00 ] ::1 /oviio/Admin/Rule/index
INFO: [ app_init ] --START--
INFO: Run Behavior\BuildLiteBehavior [ RunTime:0.000024s ]
INFO: [ app_init ] --END-- [ RunTime:0.000554s ]
INFO: [ app_begin ] --START--
INFO: Run Behavior\ReadHtmlCacheBehavior [ RunTime:0.000624s ]
INFO: [ app_begin ] --END-- [ RunTime:0.000734s ]
SQL: SHOW COLUMNS FROM `dftk_auth_group_access` [ RunTime:0.0011s ]
SQL: SELECT `uid`,`group_id`,`title`,`rules` FROM dftk_auth_group_access a INNER JOIN dftk_auth_group g on a.group_id=g.id  WHERE ( a.uid='88' and g.status='1' )  [ RunTime:0.0008s ]
SQL: SHOW COLUMNS FROM `dftk_auth_rule` [ RunTime:0.0008s ]
SQL: SELECT `condition`,`name` FROM `dftk_auth_rule` WHERE `id` IN ('6','96','20','1','2','3','4','5','64','21','7','8','9','10','11','12','13','14','15','16','123','19','130','131','132') AND `type` = 1 AND `status` = 1  [ RunTime:0.0003s ]
NOTIC: [2048] Declaration of Common\Model\AdminNavModel::getTreeData() should be compatible with Common\Model\BaseModel::getTreeData($type = 'tree', $order = '', $name = 'name', $child = 'id', $parent = 'pid') D:\ruanjian\wamp\www\oviio\Application\Common\Model\AdminNavModel.class.php 第 10 行.
SQL: SHOW COLUMNS FROM `dftk_admin_nav` [ RunTime:0.0008s ]
SQL: SELECT * FROM `dftk_admin_nav` ORDER BY order_number is null,order_number,id  [ RunTime:0.0003s ]
SQL: SHOW COLUMNS FROM `dftk_auth_rule` [ RunTime:0.0004s ]
SQL: SELECT * FROM `dftk_auth_rule` ORDER BY id is null,id  [ RunTime:0.0003s ]
INFO: [ view_parse ] --START--
INFO: [ template_filter ] --START--
INFO: Run Behavior\ContentReplaceBehavior [ RunTime:0.000235s ]
INFO: [ template_filter ] --END-- [ RunTime:0.000353s ]
INFO: Run Behavior\ParseTemplateBehavior [ RunTime:0.025157s ]
INFO: [ view_parse ] --END-- [ RunTime:0.025270s ]
INFO: [ view_filter ] --START--
INFO: Run Behavior\WriteHtmlCacheBehavior [ RunTime:0.000841s ]
INFO: [ view_filter ] --END-- [ RunTime:0.000945s ]
INFO: [ app_end ] --START--
INFO: Run Behavior\ShowPageTraceBehavior [ RunTime:0.001084s ]
INFO: [ app_end ] --END-- [ RunTime:0.001195s ]

[ 2020-05-07T11:37:40+08:00 ] ::1 /oviio/Admin/Rule/add
INFO: [ app_init ] --START--
INFO: Run Behavior\BuildLiteBehavior [ RunTime:0.000025s ]
INFO: [ app_init ] --END-- [ RunTime:0.000599s ]
INFO: [ app_begin ] --START--
INFO: Run Behavior\ReadHtmlCacheBehavior [ RunTime:0.000647s ]
INFO: [ app_begin ] --END-- [ RunTime:0.000741s ]
SQL: SHOW COLUMNS FROM `dftk_auth_group_access` [ RunTime:0.0010s ]
SQL: SELECT `uid`,`group_id`,`title`,`rules` FROM dftk_auth_group_access a INNER JOIN dftk_auth_group g on a.group_id=g.id  WHERE ( a.uid='88' and g.status='1' )  [ RunTime:0.0006s ]
SQL: SHOW COLUMNS FROM `dftk_auth_rule` [ RunTime:0.0008s ]
SQL: SELECT `condition`,`name` FROM `dftk_auth_rule` WHERE `id` IN ('6','96','20','1','2','3','4','5','64','21','7','8','9','10','11','12','13','14','15','16','123','19','130','131','132') AND `type` = 1 AND `status` = 1  [ RunTime:0.0003s ]
NOTIC: [2048] Declaration of Common\Model\AdminNavModel::getTreeData() should be compatible with Common\Model\BaseModel::getTreeData($type = 'tree', $order = '', $name = 'name', $child = 'id', $parent = 'pid') D:\ruanjian\wamp\www\oviio\Application\Common\Model\AdminNavModel.class.php 第 10 行.
SQL: SHOW COLUMNS FROM `dftk_admin_nav` [ RunTime:0.0011s ]
SQL: SELECT * FROM `dftk_admin_nav` ORDER BY order_number is null,order_number,id  [ RunTime:0.0004s ]
SQL: SHOW COLUMNS FROM `dftk_auth_rule` [ RunTime:0.0005s ]
NOTIC: [8] Undefined index: validate D:\ruanjian\wamp\www\oviio\ThinkPHP\Library\Think\Model.class.php 第 1185 行.
SQL: SELECT * FROM `dftk_auth_rule` WHERE `name` = 'Admin/Customer/add' LIMIT 1   [ RunTime:0.0003s ]
NOTIC: [8] Undefined index: auto D:\ruanjian\wamp\www\oviio\ThinkPHP\Library\Think\Model.class.php 第 1128 行.
SQL: INSERT INTO `dftk_auth_rule` (`pid`,`title`,`name`) VALUES ('136','添加客户信息','Admin/Customer/add') [ RunTime:0.0003s ]

[ 2020-05-07T11:37:41+08:00 ] ::1 /oviio/Admin/Rule/index
INFO: [ app_init ] --START--
INFO: Run Behavior\BuildLiteBehavior [ RunTime:0.000023s ]
INFO: [ app_init ] --END-- [ RunTime:0.000566s ]
INFO: [ app_begin ] --START--
INFO: Run Behavior\ReadHtmlCacheBehavior [ RunTime:0.000665s ]
INFO: [ app_begin ] --END-- [ RunTime:0.000777s ]
SQL: SHOW COLUMNS FROM `dftk_auth_group_access` [ RunTime:0.0010s ]
SQL: SELECT `uid`,`group_id`,`title`,`rules` FROM dftk_auth_group_access a INNER JOIN dftk_auth_group g on a.group_id=g.id  WHERE ( a.uid='88' and g.status='1' )  [ RunTime:0.0006s ]
SQL: SHOW COLUMNS FROM `dftk_auth_rule` [ RunTime:0.0008s ]
SQL: SELECT `condition`,`name` FROM `dftk_auth_rule` WHERE `id` IN ('6','96','20','1','2','3','4','5','64','21','7','8','9','10','11','12','13','14','15','16','123','19','130','131','132') AND `type` = 1 AND `status` = 1  [ RunTime:0.0003s ]
NOTIC: [2048] Declaration of Common\Model\AdminNavModel::getTreeData() should be compatible with Common\Model\BaseModel::getTreeData($type = 'tree', $order = '', $name = 'name', $child = 'id', $parent = 'pid') D:\ruanjian\wamp\www\oviio\Application\Common\Model\AdminNavModel.class.php 第 10 行.
SQL: SHOW COLUMNS FROM `dftk_admin_nav` [ RunTime:0.0008s ]
SQL: SELECT * FROM `dftk_admin_nav` ORDER BY order_number is null,order_number,id  [ RunTime:0.0003s ]
SQL: SHOW COLUMNS FROM `dftk_auth_rule` [ RunTime:0.0004s ]
SQL: SELECT * FROM `dftk_auth_rule` ORDER BY id is null,id  [ RunTime:0.0004s ]
INFO: [ view_parse ] --START--
INFO: [ template_filter ] --START--
INFO: Run Behavior\ContentReplaceBehavior [ RunTime:0.000234s ]
INFO: [ template_filter ] --END-- [ RunTime:0.000352s ]
INFO: Run Behavior\ParseTemplateBehavior [ RunTime:0.025692s ]
INFO: [ view_parse ] --END-- [ RunTime:0.025811s ]
INFO: [ view_filter ] --START--
INFO: Run Behavior\WriteHtmlCacheBehavior [ RunTime:0.000835s ]
INFO: [ view_filter ] --END-- [ RunTime:0.000937s ]
INFO: [ app_end ] --START--
INFO: Run Behavior\ShowPageTraceBehavior [ RunTime:0.001204s ]
INFO: [ app_end ] --END-- [ RunTime:0.001334s ]

[ 2020-05-07T11:38:06+08:00 ] ::1 /oviio/Admin/Rule/add
INFO: [ app_init ] --START--
INFO: Run Behavior\BuildLiteBehavior [ RunTime:0.000023s ]
INFO: [ app_init ] --END-- [ RunTime:0.000624s ]
INFO: [ app_begin ] --START--
INFO: Run Behavior\ReadHtmlCacheBehavior [ RunTime:0.000838s ]
INFO: [ app_begin ] --END-- [ RunTime:0.000952s ]
SQL: SHOW COLUMNS FROM `dftk_auth_group_access` [ RunTime:0.0010s ]
SQL: SELECT `uid`,`group_id`,`title`,`rules` FROM dftk_auth_group_access a INNER JOIN dftk_auth_group g on a.group_id=g.id  WHERE ( a.uid='88' and g.status='1' )  [ RunTime:0.0006s ]
SQL: SHOW COLUMNS FROM `dftk_auth_rule` [ RunTime:0.0007s ]
SQL: SELECT `condition`,`name` FROM `dftk_auth_rule` WHERE `id` IN ('6','96','20','1','2','3','4','5','64','21','7','8','9','10','11','12','13','14','15','16','123','19','130','131','132') AND `type` = 1 AND `status` = 1  [ RunTime:0.0003s ]
NOTIC: [2048] Declaration of Common\Model\AdminNavModel::getTreeData() should be compatible with Common\Model\BaseModel::getTreeData($type = 'tree', $order = '', $name = 'name', $child = 'id', $parent = 'pid') D:\ruanjian\wamp\www\oviio\Application\Common\Model\AdminNavModel.class.php 第 10 行.
SQL: SHOW COLUMNS FROM `dftk_admin_nav` [ RunTime:0.0008s ]
SQL: SELECT * FROM `dftk_admin_nav` ORDER BY order_number is null,order_number,id  [ RunTime:0.0003s ]
SQL: SHOW COLUMNS FROM `dftk_auth_rule` [ RunTime:0.0006s ]
NOTIC: [8] Undefined index: validate D:\ruanjian\wamp\www\oviio\ThinkPHP\Library\Think\Model.class.php 第 1185 行.

[ 2020-05-07T11:38:18+08:00 ] ::1 /oviio/Admin/Rule/add
INFO: [ app_init ] --START--
INFO: Run Behavior\BuildLiteBehavior [ RunTime:0.000024s ]
INFO: [ app_init ] --END-- [ RunTime:0.000560s ]
INFO: [ app_begin ] --START--
INFO: Run Behavior\ReadHtmlCacheBehavior [ RunTime:0.000632s ]
INFO: [ app_begin ] --END-- [ RunTime:0.000727s ]
SQL: SHOW COLUMNS FROM `dftk_auth_group_access` [ RunTime:0.0009s ]
SQL: SELECT `uid`,`group_id`,`title`,`rules` FROM dftk_auth_group_access a INNER JOIN dftk_auth_group g on a.group_id=g.id  WHERE ( a.uid='88' and g.status='1' )  [ RunTime:0.0007s ]
SQL: SHOW COLUMNS FROM `dftk_auth_rule` [ RunTime:0.0008s ]
SQL: SELECT `condition`,`name` FROM `dftk_auth_rule` WHERE `id` IN ('6','96','20','1','2','3','4','5','64','21','7','8','9','10','11','12','13','14','15','16','123','19','130','131','132') AND `type` = 1 AND `status` = 1  [ RunTime:0.0004s ]
NOTIC: [2048] Declaration of Common\Model\AdminNavModel::getTreeData() should be compatible with Common\Model\BaseModel::getTreeData($type = 'tree', $order = '', $name = 'name', $child = 'id', $parent = 'pid') D:\ruanjian\wamp\www\oviio\Application\Common\Model\AdminNavModel.class.php 第 10 行.
SQL: SHOW COLUMNS FROM `dftk_admin_nav` [ RunTime:0.0009s ]
SQL: SELECT * FROM `dftk_admin_nav` ORDER BY order_number is null,order_number,id  [ RunTime:0.0004s ]
SQL: SHOW COLUMNS FROM `dftk_auth_rule` [ RunTime:0.0005s ]
NOTIC: [8] Undefined index: validate D:\ruanjian\wamp\www\oviio\ThinkPHP\Library\Think\Model.class.php 第 1185 行.
SQL: SELECT * FROM `dftk_auth_rule` WHERE `name` = 'Admin/Customer/edit' LIMIT 1   [ RunTime:0.0003s ]
NOTIC: [8] Undefined index: auto D:\ruanjian\wamp\www\oviio\ThinkPHP\Library\Think\Model.class.php 第 1128 行.
SQL: INSERT INTO `dftk_auth_rule` (`pid`,`title`,`name`) VALUES ('136','修改客户信息','Admin/Customer/edit') [ RunTime:0.0002s ]

[ 2020-05-07T11:38:19+08:00 ] ::1 /oviio/Admin/Rule/index
INFO: [ app_init ] --START--
INFO: Run Behavior\BuildLiteBehavior [ RunTime:0.000040s ]
INFO: [ app_init ] --END-- [ RunTime:0.000618s ]
INFO: [ app_begin ] --START--
INFO: Run Behavior\ReadHtmlCacheBehavior [ RunTime:0.000728s ]
INFO: [ app_begin ] --END-- [ RunTime:0.000858s ]
SQL: SHOW COLUMNS FROM `dftk_auth_group_access` [ RunTime:0.0009s ]
SQL: SELECT `uid`,`group_id`,`title`,`rules` FROM dftk_auth_group_access a INNER JOIN dftk_auth_group g on a.group_id=g.id  WHERE ( a.uid='88' and g.status='1' )  [ RunTime:0.0007s ]
SQL: SHOW COLUMNS FROM `dftk_auth_rule` [ RunTime:0.0010s ]
SQL: SELECT `condition`,`name` FROM `dftk_auth_rule` WHERE `id` IN ('6','96','20','1','2','3','4','5','64','21','7','8','9','10','11','12','13','14','15','16','123','19','130','131','132') AND `type` = 1 AND `status` = 1  [ RunTime:0.0004s ]
NOTIC: [2048] Declaration of Common\Model\AdminNavModel::getTreeData() should be compatible with Common\Model\BaseModel::getTreeData($type = 'tree', $order = '', $name = 'name', $child = 'id', $parent = 'pid') D:\ruanjian\wamp\www\oviio\Application\Common\Model\AdminNavModel.class.php 第 10 行.
SQL: SHOW COLUMNS FROM `dftk_admin_nav` [ RunTime:0.0009s ]
SQL: SELECT * FROM `dftk_admin_nav` ORDER BY order_number is null,order_number,id  [ RunTime:0.0003s ]
SQL: SHOW COLUMNS FROM `dftk_auth_rule` [ RunTime:0.0004s ]
SQL: SELECT * FROM `dftk_auth_rule` ORDER BY id is null,id  [ RunTime:0.0003s ]
INFO: [ view_parse ] --START--
INFO: [ template_filter ] --START--
INFO: Run Behavior\ContentReplaceBehavior [ RunTime:0.000228s ]
INFO: [ template_filter ] --END-- [ RunTime:0.000346s ]
INFO: Run Behavior\ParseTemplateBehavior [ RunTime:0.025634s ]
INFO: [ view_parse ] --END-- [ RunTime:0.025744s ]
INFO: [ view_filter ] --START--
INFO: Run Behavior\WriteHtmlCacheBehavior [ RunTime:0.000798s ]
INFO: [ view_filter ] --END-- [ RunTime:0.000895s ]
INFO: [ app_end ] --START--
INFO: Run Behavior\ShowPageTraceBehavior [ RunTime:0.001139s ]
INFO: [ app_end ] --END-- [ RunTime:0.001304s ]

[ 2020-05-07T13:46:02+08:00 ] ::1 /oviio/Admin/Rule/admin_user_list
INFO: [ app_init ] --START--
INFO: Run Behavior\BuildLiteBehavior [ RunTime:0.000027s ]
INFO: [ app_init ] --END-- [ RunTime:0.000850s ]
INFO: [ app_begin ] --START--
INFO: Run Behavior\ReadHtmlCacheBehavior [ RunTime:0.001684s ]
INFO: [ app_begin ] --END-- [ RunTime:0.001879s ]
SQL: SHOW COLUMNS FROM `dftk_auth_group_access` [ RunTime:0.0028s ]
SQL: SELECT `uid`,`group_id`,`title`,`rules` FROM dftk_auth_group_access a INNER JOIN dftk_auth_group g on a.group_id=g.id  WHERE ( a.uid='88' and g.status='1' )  [ RunTime:0.0011s ]
SQL: SHOW COLUMNS FROM `dftk_auth_rule` [ RunTime:0.0015s ]
SQL: SELECT `condition`,`name` FROM `dftk_auth_rule` WHERE `id` IN ('6','96','20','1','2','3','4','5','64','21','7','8','9','10','11','12','13','14','15','16','123','19','130','131','132') AND `type` = 1 AND `status` = 1  [ RunTime:0.0005s ]
NOTIC: [2048] Declaration of Common\Model\AdminNavModel::getTreeData() should be compatible with Common\Model\BaseModel::getTreeData($type = 'tree', $order = '', $name = 'name', $child = 'id', $parent = 'pid') D:\ruanjian\wamp\www\oviio\Application\Common\Model\AdminNavModel.class.php 第 10 行.
SQL: SHOW COLUMNS FROM `dftk_admin_nav` [ RunTime:0.0019s ]
SQL: SELECT * FROM `dftk_admin_nav` ORDER BY order_number is null,order_number,id  [ RunTime:0.0005s ]
SQL: SHOW COLUMNS FROM `dftk_auth_group_access` [ RunTime:0.0007s ]
SQL: SELECT u.id,u.username,u.email,aga.group_id,ag.title FROM dftk_auth_group_access aga RIGHT JOIN dftk_admin u ON aga.uid=u.id LEFT JOIN dftk_auth_group ag ON aga.group_id=ag.id   [ RunTime:0.0340s ]
INFO: [ view_parse ] --START--
INFO: [ template_filter ] --START--
INFO: Run Behavior\ContentReplaceBehavior [ RunTime:0.000190s ]
INFO: [ template_filter ] --END-- [ RunTime:0.000314s ]
INFO: Run Behavior\ParseTemplateBehavior [ RunTime:0.027518s ]
INFO: [ view_parse ] --END-- [ RunTime:0.027648s ]
INFO: [ view_filter ] --START--
INFO: Run Behavior\WriteHtmlCacheBehavior [ RunTime:0.001119s ]
INFO: [ view_filter ] --END-- [ RunTime:0.001229s ]
INFO: [ app_end ] --START--
INFO: Run Behavior\ShowPageTraceBehavior [ RunTime:0.001300s ]
INFO: [ app_end ] --END-- [ RunTime:0.001499s ]

[ 2020-05-07T13:46:04+08:00 ] ::1 /oviio/Admin/Rule/admin_user_list
INFO: [ app_init ] --START--
INFO: Run Behavior\BuildLiteBehavior [ RunTime:0.000031s ]
INFO: [ app_init ] --END-- [ RunTime:0.000702s ]
INFO: [ app_begin ] --START--
INFO: Run Behavior\ReadHtmlCacheBehavior [ RunTime:0.001033s ]
INFO: [ app_begin ] --END-- [ RunTime:0.001208s ]
SQL: SHOW COLUMNS FROM `dftk_auth_group_access` [ RunTime:0.0016s ]
SQL: SELECT `uid`,`group_id`,`title`,`rules` FROM dftk_auth_group_access a INNER JOIN dftk_auth_group g on a.group_id=g.id  WHERE ( a.uid='88' and g.status='1' )  [ RunTime:0.0008s ]
SQL: SHOW COLUMNS FROM `dftk_auth_rule` [ RunTime:0.0010s ]
SQL: SELECT `condition`,`name` FROM `dftk_auth_rule` WHERE `id` IN ('6','96','20','1','2','3','4','5','64','21','7','8','9','10','11','12','13','14','15','16','123','19','130','131','132') AND `type` = 1 AND `status` = 1  [ RunTime:0.0004s ]
NOTIC: [2048] Declaration of Common\Model\AdminNavModel::getTreeData() should be compatible with Common\Model\BaseModel::getTreeData($type = 'tree', $order = '', $name = 'name', $child = 'id', $parent = 'pid') D:\ruanjian\wamp\www\oviio\Application\Common\Model\AdminNavModel.class.php 第 10 行.
SQL: SHOW COLUMNS FROM `dftk_admin_nav` [ RunTime:0.0011s ]
SQL: SELECT * FROM `dftk_admin_nav` ORDER BY order_number is null,order_number,id  [ RunTime:0.0003s ]
SQL: SHOW COLUMNS FROM `dftk_auth_group_access` [ RunTime:0.0007s ]
SQL: SELECT u.id,u.username,u.email,aga.group_id,ag.title FROM dftk_auth_group_access aga RIGHT JOIN dftk_admin u ON aga.uid=u.id LEFT JOIN dftk_auth_group ag ON aga.group_id=ag.id   [ RunTime:0.0037s ]
INFO: [ view_parse ] --START--
INFO: [ template_filter ] --START--
INFO: Run Behavior\ContentReplaceBehavior [ RunTime:0.000215s ]
INFO: [ template_filter ] --END-- [ RunTime:0.000354s ]
INFO: Run Behavior\ParseTemplateBehavior [ RunTime:0.024227s ]
INFO: [ view_parse ] --END-- [ RunTime:0.024379s ]
INFO: [ view_filter ] --START--
INFO: Run Behavior\WriteHtmlCacheBehavior [ RunTime:0.001315s ]
INFO: [ view_filter ] --END-- [ RunTime:0.001448s ]
INFO: [ app_end ] --START--
INFO: Run Behavior\ShowPageTraceBehavior [ RunTime:0.001502s ]
INFO: [ app_end ] --END-- [ RunTime:0.001677s ]

[ 2020-05-07T13:46:09+08:00 ] ::1 /oviio/Admin/Rule/edit_admin/id/88
INFO: [ app_init ] --START--
INFO: Run Behavior\BuildLiteBehavior [ RunTime:0.000035s ]
INFO: [ app_init ] --END-- [ RunTime:0.000660s ]
INFO: [ app_begin ] --START--
INFO: Run Behavior\ReadHtmlCacheBehavior [ RunTime:0.001001s ]
INFO: [ app_begin ] --END-- [ RunTime:0.001202s ]
SQL: SHOW COLUMNS FROM `dftk_auth_group_access` [ RunTime:0.0014s ]
SQL: SELECT `uid`,`group_id`,`title`,`rules` FROM dftk_auth_group_access a INNER JOIN dftk_auth_group g on a.group_id=g.id  WHERE ( a.uid='88' and g.status='1' )  [ RunTime:0.0014s ]
SQL: SHOW COLUMNS FROM `dftk_auth_rule` [ RunTime:0.0015s ]
SQL: SELECT `condition`,`name` FROM `dftk_auth_rule` WHERE `id` IN ('6','96','20','1','2','3','4','5','64','21','7','8','9','10','11','12','13','14','15','16','123','19','130','131','132') AND `type` = 1 AND `status` = 1  [ RunTime:0.0005s ]
NOTIC: [2048] Declaration of Common\Model\AdminNavModel::getTreeData() should be compatible with Common\Model\BaseModel::getTreeData($type = 'tree', $order = '', $name = 'name', $child = 'id', $parent = 'pid') D:\ruanjian\wamp\www\oviio\Application\Common\Model\AdminNavModel.class.php 第 10 行.
SQL: SHOW COLUMNS FROM `dftk_admin_nav` [ RunTime:0.0013s ]
SQL: SELECT * FROM `dftk_admin_nav` ORDER BY order_number is null,order_number,id  [ RunTime:0.0004s ]
SQL: SHOW COLUMNS FROM `dftk_admin` [ RunTime:0.0042s ]
SQL: SELECT * FROM `dftk_admin` WHERE `id` = 88 LIMIT 1   [ RunTime:0.0004s ]
SQL: SHOW COLUMNS FROM `dftk_auth_group_access` [ RunTime:0.0007s ]
SQL: SELECT `group_id` FROM `dftk_auth_group_access` WHERE `uid` = 88  [ RunTime:0.0004s ]
SQL: SHOW COLUMNS FROM `dftk_auth_group` [ RunTime:0.0007s ]
SQL: SELECT * FROM `dftk_auth_group`  [ RunTime:0.0003s ]
INFO: [ view_parse ] --START--
INFO: [ template_filter ] --START--
INFO: Run Behavior\ContentReplaceBehavior [ RunTime:0.018954s ]
INFO: [ template_filter ] --END-- [ RunTime:0.019093s ]
INFO: Run Behavior\ParseTemplateBehavior [ RunTime:0.041803s ]
INFO: [ view_parse ] --END-- [ RunTime:0.041935s ]
INFO: [ view_filter ] --START--
INFO: Run Behavior\WriteHtmlCacheBehavior [ RunTime:0.001174s ]
INFO: [ view_filter ] --END-- [ RunTime:0.001324s ]
INFO: [ app_end ] --START--
INFO: Run Behavior\ShowPageTraceBehavior [ RunTime:0.001144s ]
INFO: [ app_end ] --END-- [ RunTime:0.001272s ]

[ 2020-05-07T13:46:11+08:00 ] ::1 /oviio/Admin/Rule/admin_user_list
INFO: [ app_init ] --START--
INFO: Run Behavior\BuildLiteBehavior [ RunTime:0.000046s ]
INFO: [ app_init ] --END-- [ RunTime:0.001086s ]
INFO: [ app_begin ] --START--
INFO: Run Behavior\ReadHtmlCacheBehavior [ RunTime:0.001281s ]
INFO: [ app_begin ] --END-- [ RunTime:0.001490s ]
SQL: SHOW COLUMNS FROM `dftk_auth_group_access` [ RunTime:0.0011s ]
SQL: SELECT `uid`,`group_id`,`title`,`rules` FROM dftk_auth_group_access a INNER JOIN dftk_auth_group g on a.group_id=g.id  WHERE ( a.uid='88' and g.status='1' )  [ RunTime:0.0008s ]
SQL: SHOW COLUMNS FROM `dftk_auth_rule` [ RunTime:0.0011s ]
SQL: SELECT `condition`,`name` FROM `dftk_auth_rule` WHERE `id` IN ('6','96','20','1','2','3','4','5','64','21','7','8','9','10','11','12','13','14','15','16','123','19','130','131','132') AND `type` = 1 AND `status` = 1  [ RunTime:0.0004s ]
NOTIC: [2048] Declaration of Common\Model\AdminNavModel::getTreeData() should be compatible with Common\Model\BaseModel::getTreeData($type = 'tree', $order = '', $name = 'name', $child = 'id', $parent = 'pid') D:\ruanjian\wamp\www\oviio\Application\Common\Model\AdminNavModel.class.php 第 10 行.
SQL: SHOW COLUMNS FROM `dftk_admin_nav` [ RunTime:0.0012s ]
SQL: SELECT * FROM `dftk_admin_nav` ORDER BY order_number is null,order_number,id  [ RunTime:0.0003s ]
SQL: SHOW COLUMNS FROM `dftk_auth_group_access` [ RunTime:0.0006s ]
SQL: SELECT u.id,u.username,u.email,aga.group_id,ag.title FROM dftk_auth_group_access aga RIGHT JOIN dftk_admin u ON aga.uid=u.id LEFT JOIN dftk_auth_group ag ON aga.group_id=ag.id   [ RunTime:0.0058s ]
INFO: [ view_parse ] --START--
INFO: [ template_filter ] --START--
INFO: Run Behavior\ContentReplaceBehavior [ RunTime:0.000302s ]
INFO: [ template_filter ] --END-- [ RunTime:0.000521s ]
INFO: Run Behavior\ParseTemplateBehavior [ RunTime:0.023853s ]
INFO: [ view_parse ] --END-- [ RunTime:0.024044s ]
INFO: [ view_filter ] --START--
INFO: Run Behavior\WriteHtmlCacheBehavior [ RunTime:0.001110s ]
INFO: [ view_filter ] --END-- [ RunTime:0.001245s ]
INFO: [ app_end ] --START--
INFO: Run Behavior\ShowPageTraceBehavior [ RunTime:0.001486s ]
INFO: [ app_end ] --END-- [ RunTime:0.001679s ]

[ 2020-05-07T13:46:15+08:00 ] ::1 /oviio/Admin/Rule/index
INFO: [ app_init ] --START--
INFO: Run Behavior\BuildLiteBehavior [ RunTime:0.000026s ]
INFO: [ app_init ] --END-- [ RunTime:0.000557s ]
INFO: [ app_begin ] --START--
INFO: Run Behavior\ReadHtmlCacheBehavior [ RunTime:0.000819s ]
INFO: [ app_begin ] --END-- [ RunTime:0.000947s ]
SQL: SHOW COLUMNS FROM `dftk_auth_group_access` [ RunTime:0.0012s ]
SQL: SELECT `uid`,`group_id`,`title`,`rules` FROM dftk_auth_group_access a INNER JOIN dftk_auth_group g on a.group_id=g.id  WHERE ( a.uid='88' and g.status='1' )  [ RunTime:0.0008s ]
SQL: SHOW COLUMNS FROM `dftk_auth_rule` [ RunTime:0.0010s ]
SQL: SELECT `condition`,`name` FROM `dftk_auth_rule` WHERE `id` IN ('6','96','20','1','2','3','4','5','64','21','7','8','9','10','11','12','13','14','15','16','123','19','130','131','132') AND `type` = 1 AND `status` = 1  [ RunTime:0.0005s ]
NOTIC: [2048] Declaration of Common\Model\AdminNavModel::getTreeData() should be compatible with Common\Model\BaseModel::getTreeData($type = 'tree', $order = '', $name = 'name', $child = 'id', $parent = 'pid') D:\ruanjian\wamp\www\oviio\Application\Common\Model\AdminNavModel.class.php 第 10 行.
SQL: SHOW COLUMNS FROM `dftk_admin_nav` [ RunTime:0.0012s ]
SQL: SELECT * FROM `dftk_admin_nav` ORDER BY order_number is null,order_number,id  [ RunTime:0.0003s ]
SQL: SHOW COLUMNS FROM `dftk_auth_rule` [ RunTime:0.0010s ]
SQL: SELECT * FROM `dftk_auth_rule` ORDER BY id is null,id  [ RunTime:0.0007s ]
INFO: [ view_parse ] --START--
INFO: [ template_filter ] --START--
INFO: Run Behavior\ContentReplaceBehavior [ RunTime:0.000264s ]
INFO: [ template_filter ] --END-- [ RunTime:0.000406s ]
INFO: Run Behavior\ParseTemplateBehavior [ RunTime:0.027629s ]
INFO: [ view_parse ] --END-- [ RunTime:0.027832s ]
INFO: [ view_filter ] --START--
INFO: Run Behavior\WriteHtmlCacheBehavior [ RunTime:0.000751s ]
INFO: [ view_filter ] --END-- [ RunTime:0.000870s ]
INFO: [ app_end ] --START--
INFO: Run Behavior\ShowPageTraceBehavior [ RunTime:0.001060s ]
INFO: [ app_end ] --END-- [ RunTime:0.001200s ]

[ 2020-05-07T13:46:18+08:00 ] ::1 /oviio/Admin/Rule/group
INFO: [ app_init ] --START--
INFO: Run Behavior\BuildLiteBehavior [ RunTime:0.000026s ]
INFO: [ app_init ] --END-- [ RunTime:0.000593s ]
INFO: [ app_begin ] --START--
INFO: Run Behavior\ReadHtmlCacheBehavior [ RunTime:0.000652s ]
INFO: [ app_begin ] --END-- [ RunTime:0.000781s ]
SQL: SHOW COLUMNS FROM `dftk_auth_group_access` [ RunTime:0.0006s ]
SQL: SELECT `uid`,`group_id`,`title`,`rules` FROM dftk_auth_group_access a INNER JOIN dftk_auth_group g on a.group_id=g.id  WHERE ( a.uid='88' and g.status='1' )  [ RunTime:0.0003s ]
SQL: SHOW COLUMNS FROM `dftk_auth_rule` [ RunTime:0.0004s ]
SQL: SELECT `condition`,`name` FROM `dftk_auth_rule` WHERE `id` IN ('6','96','20','1','2','3','4','5','64','21','7','8','9','10','11','12','13','14','15','16','123','19','130','131','132') AND `type` = 1 AND `status` = 1  [ RunTime:0.0003s ]
NOTIC: [2048] Declaration of Common\Model\AdminNavModel::getTreeData() should be compatible with Common\Model\BaseModel::getTreeData($type = 'tree', $order = '', $name = 'name', $child = 'id', $parent = 'pid') D:\ruanjian\wamp\www\oviio\Application\Common\Model\AdminNavModel.class.php 第 10 行.
SQL: SHOW COLUMNS FROM `dftk_admin_nav` [ RunTime:0.0006s ]
SQL: SELECT * FROM `dftk_admin_nav` ORDER BY order_number is null,order_number,id  [ RunTime:0.0003s ]
SQL: SHOW COLUMNS FROM `dftk_auth_group` [ RunTime:0.0007s ]
SQL: SELECT * FROM `dftk_auth_group`  [ RunTime:0.0003s ]
INFO: [ view_parse ] --START--
INFO: [ template_filter ] --START--
INFO: Run Behavior\ContentReplaceBehavior [ RunTime:0.000247s ]
INFO: [ template_filter ] --END-- [ RunTime:0.000381s ]
INFO: Run Behavior\ParseTemplateBehavior [ RunTime:0.032034s ]
INFO: [ view_parse ] --END-- [ RunTime:0.032169s ]
INFO: [ view_filter ] --START--
INFO: Run Behavior\WriteHtmlCacheBehavior [ RunTime:0.000831s ]
INFO: [ view_filter ] --END-- [ RunTime:0.000965s ]
INFO: [ app_end ] --START--
INFO: Run Behavior\ShowPageTraceBehavior [ RunTime:0.000775s ]
INFO: [ app_end ] --END-- [ RunTime:0.000901s ]

[ 2020-05-07T13:46:22+08:00 ] ::1 /oviio/Admin/Rule/rule_group/id/1
INFO: [ app_init ] --START--
INFO: Run Behavior\BuildLiteBehavior [ RunTime:0.000026s ]
INFO: [ app_init ] --END-- [ RunTime:0.000599s ]
INFO: [ app_begin ] --START--
INFO: Run Behavior\ReadHtmlCacheBehavior [ RunTime:0.000736s ]
INFO: [ app_begin ] --END-- [ RunTime:0.000861s ]
SQL: SHOW COLUMNS FROM `dftk_auth_group_access` [ RunTime:0.0007s ]
SQL: SELECT `uid`,`group_id`,`title`,`rules` FROM dftk_auth_group_access a INNER JOIN dftk_auth_group g on a.group_id=g.id  WHERE ( a.uid='88' and g.status='1' )  [ RunTime:0.0004s ]
SQL: SHOW COLUMNS FROM `dftk_auth_rule` [ RunTime:0.0006s ]
SQL: SELECT `condition`,`name` FROM `dftk_auth_rule` WHERE `id` IN ('6','96','20','1','2','3','4','5','64','21','7','8','9','10','11','12','13','14','15','16','123','19','130','131','132') AND `type` = 1 AND `status` = 1  [ RunTime:0.0005s ]
NOTIC: [2048] Declaration of Common\Model\AdminNavModel::getTreeData() should be compatible with Common\Model\BaseModel::getTreeData($type = 'tree', $order = '', $name = 'name', $child = 'id', $parent = 'pid') D:\ruanjian\wamp\www\oviio\Application\Common\Model\AdminNavModel.class.php 第 10 行.
SQL: SHOW COLUMNS FROM `dftk_admin_nav` [ RunTime:0.0007s ]
SQL: SELECT * FROM `dftk_admin_nav` ORDER BY order_number is null,order_number,id  [ RunTime:0.0003s ]
SQL: SHOW COLUMNS FROM `dftk_auth_group` [ RunTime:0.0007s ]
SQL: SELECT * FROM `dftk_auth_group` WHERE `id` = 1 LIMIT 1   [ RunTime:0.0003s ]
SQL: SHOW COLUMNS FROM `dftk_auth_rule` [ RunTime:0.0007s ]
SQL: SELECT * FROM `dftk_auth_rule` ORDER BY id is null,id  [ RunTime:0.0004s ]
INFO: [ view_parse ] --START--
INFO: [ template_filter ] --START--
INFO: Run Behavior\ContentReplaceBehavior [ RunTime:0.000222s ]
INFO: [ template_filter ] --END-- [ RunTime:0.000343s ]
INFO: Run Behavior\ParseTemplateBehavior [ RunTime:0.025100s ]
INFO: [ view_parse ] --END-- [ RunTime:0.025229s ]
INFO: [ view_filter ] --START--
INFO: Run Behavior\WriteHtmlCacheBehavior [ RunTime:0.000632s ]
INFO: [ view_filter ] --END-- [ RunTime:0.000760s ]
INFO: [ app_end ] --START--
INFO: Run Behavior\ShowPageTraceBehavior [ RunTime:0.000841s ]
INFO: [ app_end ] --END-- [ RunTime:0.001020s ]

[ 2020-05-07T13:46:28+08:00 ] ::1 /oviio/Admin/Rule/rule_group/id/1
INFO: [ app_init ] --START--
INFO: Run Behavior\BuildLiteBehavior [ RunTime:0.000026s ]
INFO: [ app_init ] --END-- [ RunTime:0.000727s ]
INFO: [ app_begin ] --START--
INFO: Run Behavior\ReadHtmlCacheBehavior [ RunTime:0.000695s ]
INFO: [ app_begin ] --END-- [ RunTime:0.000795s ]
SQL: SHOW COLUMNS FROM `dftk_auth_group_access` [ RunTime:0.0007s ]
SQL: SELECT `uid`,`group_id`,`title`,`rules` FROM dftk_auth_group_access a INNER JOIN dftk_auth_group g on a.group_id=g.id  WHERE ( a.uid='88' and g.status='1' )  [ RunTime:0.0004s ]
SQL: SHOW COLUMNS FROM `dftk_auth_rule` [ RunTime:0.0005s ]
SQL: SELECT `condition`,`name` FROM `dftk_auth_rule` WHERE `id` IN ('6','96','20','1','2','3','4','5','64','21','7','8','9','10','11','12','13','14','15','16','123','19','130','131','132') AND `type` = 1 AND `status` = 1  [ RunTime:0.0004s ]
NOTIC: [2048] Declaration of Common\Model\AdminNavModel::getTreeData() should be compatible with Common\Model\BaseModel::getTreeData($type = 'tree', $order = '', $name = 'name', $child = 'id', $parent = 'pid') D:\ruanjian\wamp\www\oviio\Application\Common\Model\AdminNavModel.class.php 第 10 行.
SQL: SHOW COLUMNS FROM `dftk_admin_nav` [ RunTime:0.0006s ]
SQL: SELECT * FROM `dftk_admin_nav` ORDER BY order_number is null,order_number,id  [ RunTime:0.0004s ]
SQL: SHOW COLUMNS FROM `dftk_auth_group` [ RunTime:0.0008s ]
NOTIC: [2] trim() expects parameter 1 to be string, array given D:\ruanjian\wamp\www\oviio\Application\Common\Model\BaseModel.class.php 第 51 行.
NOTIC: [8] Undefined index: validate D:\ruanjian\wamp\www\oviio\ThinkPHP\Library\Think\Model.class.php 第 1185 行.
NOTIC: [8] Undefined index: auto D:\ruanjian\wamp\www\oviio\ThinkPHP\Library\Think\Model.class.php 第 1128 行.
SQL: UPDATE `dftk_auth_group` SET `id`='1',`rules`='6,96,20,1,2,3,4,5,64,21,7,8,9,10,11,12,13,14,15,16,123,19,130,131,132,135,136,137,138' WHERE (  `id` = '1' ) [ RunTime:0.0099s ]

[ 2020-05-07T13:46:29+08:00 ] ::1 /oviio/Admin/Rule/group
INFO: [ app_init ] --START--
INFO: Run Behavior\BuildLiteBehavior [ RunTime:0.000028s ]
INFO: [ app_init ] --END-- [ RunTime:0.000626s ]
INFO: [ app_begin ] --START--
INFO: Run Behavior\ReadHtmlCacheBehavior [ RunTime:0.000917s ]
INFO: [ app_begin ] --END-- [ RunTime:0.001075s ]
SQL: SHOW COLUMNS FROM `dftk_auth_group_access` [ RunTime:0.0006s ]
SQL: SELECT `uid`,`group_id`,`title`,`rules` FROM dftk_auth_group_access a INNER JOIN dftk_auth_group g on a.group_id=g.id  WHERE ( a.uid='88' and g.status='1' )  [ RunTime:0.0005s ]
SQL: SHOW COLUMNS FROM `dftk_auth_rule` [ RunTime:0.0006s ]
SQL: SELECT `condition`,`name` FROM `dftk_auth_rule` WHERE `id` IN ('6','96','20','1','2','3','4','5','64','21','7','8','9','10','11','12','13','14','15','16','123','19','130','131','132','135','136','137','138') AND `type` = 1 AND `status` = 1  [ RunTime:0.0004s ]
NOTIC: [2048] Declaration of Common\Model\AdminNavModel::getTreeData() should be compatible with Common\Model\BaseModel::getTreeData($type = 'tree', $order = '', $name = 'name', $child = 'id', $parent = 'pid') D:\ruanjian\wamp\www\oviio\Application\Common\Model\AdminNavModel.class.php 第 10 行.
SQL: SHOW COLUMNS FROM `dftk_admin_nav` [ RunTime:0.0007s ]
SQL: SELECT * FROM `dftk_admin_nav` ORDER BY order_number is null,order_number,id  [ RunTime:0.0003s ]
SQL: SHOW COLUMNS FROM `dftk_auth_group` [ RunTime:0.0008s ]
SQL: SELECT * FROM `dftk_auth_group`  [ RunTime:0.0004s ]
INFO: [ view_parse ] --START--
INFO: [ template_filter ] --START--
INFO: Run Behavior\ContentReplaceBehavior [ RunTime:0.000317s ]
INFO: [ template_filter ] --END-- [ RunTime:0.000538s ]
INFO: Run Behavior\ParseTemplateBehavior [ RunTime:0.024998s ]
INFO: [ view_parse ] --END-- [ RunTime:0.025133s ]
INFO: [ view_filter ] --START--
INFO: Run Behavior\WriteHtmlCacheBehavior [ RunTime:0.000846s ]
INFO: [ view_filter ] --END-- [ RunTime:0.000984s ]
INFO: [ app_end ] --START--
INFO: Run Behavior\ShowPageTraceBehavior [ RunTime:0.000817s ]
INFO: [ app_end ] --END-- [ RunTime:0.000943s ]

[ 2020-05-07T13:46:34+08:00 ] ::1 /oviio/Admin/Rule/group
INFO: [ app_init ] --START--
INFO: Run Behavior\BuildLiteBehavior [ RunTime:0.000026s ]
INFO: [ app_init ] --END-- [ RunTime:0.000557s ]
INFO: [ app_begin ] --START--
INFO: Run Behavior\ReadHtmlCacheBehavior [ RunTime:0.000900s ]
INFO: [ app_begin ] --END-- [ RunTime:0.001078s ]
SQL: SHOW COLUMNS FROM `dftk_auth_group_access` [ RunTime:0.0010s ]
SQL: SELECT `uid`,`group_id`,`title`,`rules` FROM dftk_auth_group_access a INNER JOIN dftk_auth_group g on a.group_id=g.id  WHERE ( a.uid='88' and g.status='1' )  [ RunTime:0.0006s ]
SQL: SHOW COLUMNS FROM `dftk_auth_rule` [ RunTime:0.0012s ]
SQL: SELECT `condition`,`name` FROM `dftk_auth_rule` WHERE `id` IN ('6','96','20','1','2','3','4','5','64','21','7','8','9','10','11','12','13','14','15','16','123','19','130','131','132','135','136','137','138') AND `type` = 1 AND `status` = 1  [ RunTime:0.0008s ]
NOTIC: [2048] Declaration of Common\Model\AdminNavModel::getTreeData() should be compatible with Common\Model\BaseModel::getTreeData($type = 'tree', $order = '', $name = 'name', $child = 'id', $parent = 'pid') D:\ruanjian\wamp\www\oviio\Application\Common\Model\AdminNavModel.class.php 第 10 行.
SQL: SHOW COLUMNS FROM `dftk_admin_nav` [ RunTime:0.0010s ]
SQL: SELECT * FROM `dftk_admin_nav` ORDER BY order_number is null,order_number,id  [ RunTime:0.0006s ]
SQL: SHOW COLUMNS FROM `dftk_auth_group` [ RunTime:0.0008s ]
SQL: SELECT * FROM `dftk_auth_group`  [ RunTime:0.0004s ]
INFO: [ view_parse ] --START--
INFO: [ template_filter ] --START--
INFO: Run Behavior\ContentReplaceBehavior [ RunTime:0.000237s ]
INFO: [ template_filter ] --END-- [ RunTime:0.000364s ]
INFO: Run Behavior\ParseTemplateBehavior [ RunTime:0.022048s ]
INFO: [ view_parse ] --END-- [ RunTime:0.022212s ]
INFO: [ view_filter ] --START--
INFO: Run Behavior\WriteHtmlCacheBehavior [ RunTime:0.000725s ]
INFO: [ view_filter ] --END-- [ RunTime:0.000838s ]
INFO: [ app_end ] --START--
INFO: Run Behavior\ShowPageTraceBehavior [ RunTime:0.000974s ]
INFO: [ app_end ] --END-- [ RunTime:0.001107s ]

[ 2020-05-07T13:46:35+08:00 ] ::1 /oviio/Admin/Rule/group
INFO: [ app_init ] --START--
INFO: Run Behavior\BuildLiteBehavior [ RunTime:0.000028s ]
INFO: [ app_init ] --END-- [ RunTime:0.000683s ]
INFO: [ app_begin ] --START--
INFO: Run Behavior\ReadHtmlCacheBehavior [ RunTime:0.000848s ]
INFO: [ app_begin ] --END-- [ RunTime:0.000986s ]
SQL: SHOW COLUMNS FROM `dftk_auth_group_access` [ RunTime:0.0011s ]
SQL: SELECT `uid`,`group_id`,`title`,`rules` FROM dftk_auth_group_access a INNER JOIN dftk_auth_group g on a.group_id=g.id  WHERE ( a.uid='88' and g.status='1' )  [ RunTime:0.0006s ]
SQL: SHOW COLUMNS FROM `dftk_auth_rule` [ RunTime:0.0008s ]
SQL: SELECT `condition`,`name` FROM `dftk_auth_rule` WHERE `id` IN ('6','96','20','1','2','3','4','5','64','21','7','8','9','10','11','12','13','14','15','16','123','19','130','131','132','135','136','137','138') AND `type` = 1 AND `status` = 1  [ RunTime:0.0007s ]
NOTIC: [2048] Declaration of Common\Model\AdminNavModel::getTreeData() should be compatible with Common\Model\BaseModel::getTreeData($type = 'tree', $order = '', $name = 'name', $child = 'id', $parent = 'pid') D:\ruanjian\wamp\www\oviio\Application\Common\Model\AdminNavModel.class.php 第 10 行.
SQL: SHOW COLUMNS FROM `dftk_admin_nav` [ RunTime:0.0009s ]
SQL: SELECT * FROM `dftk_admin_nav` ORDER BY order_number is null,order_number,id  [ RunTime:0.0005s ]
SQL: SHOW COLUMNS FROM `dftk_auth_group` [ RunTime:0.0011s ]
SQL: SELECT * FROM `dftk_auth_group`  [ RunTime:0.0005s ]
INFO: [ view_parse ] --START--
INFO: [ template_filter ] --START--
INFO: Run Behavior\ContentReplaceBehavior [ RunTime:0.000231s ]
INFO: [ template_filter ] --END-- [ RunTime:0.000359s ]
INFO: Run Behavior\ParseTemplateBehavior [ RunTime:0.022079s ]
INFO: [ view_parse ] --END-- [ RunTime:0.022228s ]
INFO: [ view_filter ] --START--
INFO: Run Behavior\WriteHtmlCacheBehavior [ RunTime:0.000822s ]
INFO: [ view_filter ] --END-- [ RunTime:0.000952s ]
INFO: [ app_end ] --START--
INFO: Run Behavior\ShowPageTraceBehavior [ RunTime:0.001028s ]
INFO: [ app_end ] --END-- [ RunTime:0.001206s ]

[ 2020-05-07T13:46:37+08:00 ] ::1 /oviio/Admin/Rule/group
INFO: [ app_init ] --START--
INFO: Run Behavior\BuildLiteBehavior [ RunTime:0.000043s ]
INFO: [ app_init ] --END-- [ RunTime:0.000719s ]
INFO: [ app_begin ] --START--
INFO: Run Behavior\ReadHtmlCacheBehavior [ RunTime:0.001080s ]
INFO: [ app_begin ] --END-- [ RunTime:0.001302s ]
SQL: SHOW COLUMNS FROM `dftk_auth_group_access` [ RunTime:0.0007s ]
SQL: SELECT `uid`,`group_id`,`title`,`rules` FROM dftk_auth_group_access a INNER JOIN dftk_auth_group g on a.group_id=g.id  WHERE ( a.uid='88' and g.status='1' )  [ RunTime:0.0004s ]
SQL: SHOW COLUMNS FROM `dftk_auth_rule` [ RunTime:0.0007s ]
SQL: SELECT `condition`,`name` FROM `dftk_auth_rule` WHERE `id` IN ('6','96','20','1','2','3','4','5','64','21','7','8','9','10','11','12','13','14','15','16','123','19','130','131','132','135','136','137','138') AND `type` = 1 AND `status` = 1  [ RunTime:0.0005s ]
NOTIC: [2048] Declaration of Common\Model\AdminNavModel::getTreeData() should be compatible with Common\Model\BaseModel::getTreeData($type = 'tree', $order = '', $name = 'name', $child = 'id', $parent = 'pid') D:\ruanjian\wamp\www\oviio\Application\Common\Model\AdminNavModel.class.php 第 10 行.
SQL: SHOW COLUMNS FROM `dftk_admin_nav` [ RunTime:0.0012s ]
SQL: SELECT * FROM `dftk_admin_nav` ORDER BY order_number is null,order_number,id  [ RunTime:0.0006s ]
SQL: SHOW COLUMNS FROM `dftk_auth_group` [ RunTime:0.0008s ]
SQL: SELECT * FROM `dftk_auth_group`  [ RunTime:0.0004s ]
INFO: [ view_parse ] --START--
INFO: [ template_filter ] --START--
INFO: Run Behavior\ContentReplaceBehavior [ RunTime:0.000226s ]
INFO: [ template_filter ] --END-- [ RunTime:0.000354s ]
INFO: Run Behavior\ParseTemplateBehavior [ RunTime:0.021823s ]
INFO: [ view_parse ] --END-- [ RunTime:0.021968s ]
INFO: [ view_filter ] --START--
INFO: Run Behavior\WriteHtmlCacheBehavior [ RunTime:0.000883s ]
INFO: [ view_filter ] --END-- [ RunTime:0.001003s ]
INFO: [ app_end ] --START--
INFO: Run Behavior\ShowPageTraceBehavior [ RunTime:0.001227s ]
INFO: [ app_end ] --END-- [ RunTime:0.001364s ]

[ 2020-05-07T13:46:38+08:00 ] ::1 /oviio/Admin/Rule/group
INFO: [ app_init ] --START--
INFO: Run Behavior\BuildLiteBehavior [ RunTime:0.000029s ]
INFO: [ app_init ] --END-- [ RunTime:0.000776s ]
INFO: [ app_begin ] --START--
INFO: Run Behavior\ReadHtmlCacheBehavior [ RunTime:0.001080s ]
INFO: [ app_begin ] --END-- [ RunTime:0.001240s ]
SQL: SHOW COLUMNS FROM `dftk_auth_group_access` [ RunTime:0.0006s ]
SQL: SELECT `uid`,`group_id`,`title`,`rules` FROM dftk_auth_group_access a INNER JOIN dftk_auth_group g on a.group_id=g.id  WHERE ( a.uid='88' and g.status='1' )  [ RunTime:0.0004s ]
SQL: SHOW COLUMNS FROM `dftk_auth_rule` [ RunTime:0.0006s ]
SQL: SELECT `condition`,`name` FROM `dftk_auth_rule` WHERE `id` IN ('6','96','20','1','2','3','4','5','64','21','7','8','9','10','11','12','13','14','15','16','123','19','130','131','132','135','136','137','138') AND `type` = 1 AND `status` = 1  [ RunTime:0.0004s ]
NOTIC: [2048] Declaration of Common\Model\AdminNavModel::getTreeData() should be compatible with Common\Model\BaseModel::getTreeData($type = 'tree', $order = '', $name = 'name', $child = 'id', $parent = 'pid') D:\ruanjian\wamp\www\oviio\Application\Common\Model\AdminNavModel.class.php 第 10 行.
SQL: SHOW COLUMNS FROM `dftk_admin_nav` [ RunTime:0.0006s ]
SQL: SELECT * FROM `dftk_admin_nav` ORDER BY order_number is null,order_number,id  [ RunTime:0.0003s ]
SQL: SHOW COLUMNS FROM `dftk_auth_group` [ RunTime:0.0007s ]
SQL: SELECT * FROM `dftk_auth_group`  [ RunTime:0.0003s ]
INFO: [ view_parse ] --START--
INFO: [ template_filter ] --START--
INFO: Run Behavior\ContentReplaceBehavior [ RunTime:0.000237s ]
INFO: [ template_filter ] --END-- [ RunTime:0.000364s ]
INFO: Run Behavior\ParseTemplateBehavior [ RunTime:0.023287s ]
INFO: [ view_parse ] --END-- [ RunTime:0.023427s ]
INFO: [ view_filter ] --START--
INFO: Run Behavior\WriteHtmlCacheBehavior [ RunTime:0.000958s ]
INFO: [ view_filter ] --END-- [ RunTime:0.001068s ]
INFO: [ app_end ] --START--
INFO: Run Behavior\ShowPageTraceBehavior [ RunTime:0.001151s ]
INFO: [ app_end ] --END-- [ RunTime:0.001342s ]

[ 2020-05-07T13:46:38+08:00 ] ::1 /oviio/Admin/Rule/group
INFO: [ app_init ] --START--
INFO: Run Behavior\BuildLiteBehavior [ RunTime:0.000031s ]
INFO: [ app_init ] --END-- [ RunTime:0.000727s ]
INFO: [ app_begin ] --START--
INFO: Run Behavior\ReadHtmlCacheBehavior [ RunTime:0.000973s ]
INFO: [ app_begin ] --END-- [ RunTime:0.001175s ]
SQL: SHOW COLUMNS FROM `dftk_auth_group_access` [ RunTime:0.0008s ]
SQL: SELECT `uid`,`group_id`,`title`,`rules` FROM dftk_auth_group_access a INNER JOIN dftk_auth_group g on a.group_id=g.id  WHERE ( a.uid='88' and g.status='1' )  [ RunTime:0.0004s ]
SQL: SHOW COLUMNS FROM `dftk_auth_rule` [ RunTime:0.0007s ]
SQL: SELECT `condition`,`name` FROM `dftk_auth_rule` WHERE `id` IN ('6','96','20','1','2','3','4','5','64','21','7','8','9','10','11','12','13','14','15','16','123','19','130','131','132','135','136','137','138') AND `type` = 1 AND `status` = 1  [ RunTime:0.0006s ]
NOTIC: [2048] Declaration of Common\Model\AdminNavModel::getTreeData() should be compatible with Common\Model\BaseModel::getTreeData($type = 'tree', $order = '', $name = 'name', $child = 'id', $parent = 'pid') D:\ruanjian\wamp\www\oviio\Application\Common\Model\AdminNavModel.class.php 第 10 行.
SQL: SHOW COLUMNS FROM `dftk_admin_nav` [ RunTime:0.0010s ]
SQL: SELECT * FROM `dftk_admin_nav` ORDER BY order_number is null,order_number,id  [ RunTime:0.0005s ]
SQL: SHOW COLUMNS FROM `dftk_auth_group` [ RunTime:0.0008s ]
SQL: SELECT * FROM `dftk_auth_group`  [ RunTime:0.0003s ]
INFO: [ view_parse ] --START--
INFO: [ template_filter ] --START--
INFO: Run Behavior\ContentReplaceBehavior [ RunTime:0.000221s ]
INFO: [ template_filter ] --END-- [ RunTime:0.000347s ]
INFO: Run Behavior\ParseTemplateBehavior [ RunTime:0.024363s ]
INFO: [ view_parse ] --END-- [ RunTime:0.024516s ]
INFO: [ view_filter ] --START--
INFO: Run Behavior\WriteHtmlCacheBehavior [ RunTime:0.001167s ]
INFO: [ view_filter ] --END-- [ RunTime:0.001292s ]
INFO: [ app_end ] --START--
INFO: Run Behavior\ShowPageTraceBehavior [ RunTime:0.001023s ]
INFO: [ app_end ] --END-- [ RunTime:0.001160s ]

[ 2020-05-07T13:46:39+08:00 ] ::1 /oviio/Admin/Rule/group
INFO: [ app_init ] --START--
INFO: Run Behavior\BuildLiteBehavior [ RunTime:0.000030s ]
INFO: [ app_init ] --END-- [ RunTime:0.000875s ]
INFO: [ app_begin ] --START--
INFO: Run Behavior\ReadHtmlCacheBehavior [ RunTime:0.001114s ]
INFO: [ app_begin ] --END-- [ RunTime:0.001315s ]
SQL: SHOW COLUMNS FROM `dftk_auth_group_access` [ RunTime:0.0008s ]
SQL: SELECT `uid`,`group_id`,`title`,`rules` FROM dftk_auth_group_access a INNER JOIN dftk_auth_group g on a.group_id=g.id  WHERE ( a.uid='88' and g.status='1' )  [ RunTime:0.0005s ]
SQL: SHOW COLUMNS FROM `dftk_auth_rule` [ RunTime:0.0007s ]
SQL: SELECT `condition`,`name` FROM `dftk_auth_rule` WHERE `id` IN ('6','96','20','1','2','3','4','5','64','21','7','8','9','10','11','12','13','14','15','16','123','19','130','131','132','135','136','137','138') AND `type` = 1 AND `status` = 1  [ RunTime:0.0006s ]
NOTIC: [2048] Declaration of Common\Model\AdminNavModel::getTreeData() should be compatible with Common\Model\BaseModel::getTreeData($type = 'tree', $order = '', $name = 'name', $child = 'id', $parent = 'pid') D:\ruanjian\wamp\www\oviio\Application\Common\Model\AdminNavModel.class.php 第 10 行.
SQL: SHOW COLUMNS FROM `dftk_admin_nav` [ RunTime:0.0009s ]
SQL: SELECT * FROM `dftk_admin_nav` ORDER BY order_number is null,order_number,id  [ RunTime:0.0004s ]
SQL: SHOW COLUMNS FROM `dftk_auth_group` [ RunTime:0.0009s ]
SQL: SELECT * FROM `dftk_auth_group`  [ RunTime:0.0005s ]
INFO: [ view_parse ] --START--
INFO: [ template_filter ] --START--
INFO: Run Behavior\ContentReplaceBehavior [ RunTime:0.000245s ]
INFO: [ template_filter ] --END-- [ RunTime:0.000408s ]
INFO: Run Behavior\ParseTemplateBehavior [ RunTime:0.025836s ]
INFO: [ view_parse ] --END-- [ RunTime:0.025989s ]
INFO: [ view_filter ] --START--
INFO: Run Behavior\WriteHtmlCacheBehavior [ RunTime:0.001163s ]
INFO: [ view_filter ] --END-- [ RunTime:0.001289s ]
INFO: [ app_end ] --START--
INFO: Run Behavior\ShowPageTraceBehavior [ RunTime:0.001484s ]
INFO: [ app_end ] --END-- [ RunTime:0.001651s ]

[ 2020-05-07T13:46:39+08:00 ] ::1 /oviio/Admin/Rule/group
INFO: [ app_init ] --START--
INFO: Run Behavior\BuildLiteBehavior [ RunTime:0.000029s ]
INFO: [ app_init ] --END-- [ RunTime:0.000833s ]
INFO: [ app_begin ] --START--
INFO: Run Behavior\ReadHtmlCacheBehavior [ RunTime:0.001298s ]
INFO: [ app_begin ] --END-- [ RunTime:0.001479s ]
SQL: SHOW COLUMNS FROM `dftk_auth_group_access` [ RunTime:0.0006s ]
SQL: SELECT `uid`,`group_id`,`title`,`rules` FROM dftk_auth_group_access a INNER JOIN dftk_auth_group g on a.group_id=g.id  WHERE ( a.uid='88' and g.status='1' )  [ RunTime:0.0004s ]
SQL: SHOW COLUMNS FROM `dftk_auth_rule` [ RunTime:0.0006s ]
SQL: SELECT `condition`,`name` FROM `dftk_auth_rule` WHERE `id` IN ('6','96','20','1','2','3','4','5','64','21','7','8','9','10','11','12','13','14','15','16','123','19','130','131','132','135','136','137','138') AND `type` = 1 AND `status` = 1  [ RunTime:0.0004s ]
NOTIC: [2048] Declaration of Common\Model\AdminNavModel::getTreeData() should be compatible with Common\Model\BaseModel::getTreeData($type = 'tree', $order = '', $name = 'name', $child = 'id', $parent = 'pid') D:\ruanjian\wamp\www\oviio\Application\Common\Model\AdminNavModel.class.php 第 10 行.
SQL: SHOW COLUMNS FROM `dftk_admin_nav` [ RunTime:0.0007s ]
SQL: SELECT * FROM `dftk_admin_nav` ORDER BY order_number is null,order_number,id  [ RunTime:0.0003s ]
SQL: SHOW COLUMNS FROM `dftk_auth_group` [ RunTime:0.0007s ]
SQL: SELECT * FROM `dftk_auth_group`  [ RunTime:0.0003s ]
INFO: [ view_parse ] --START--
INFO: [ template_filter ] --START--
INFO: Run Behavior\ContentReplaceBehavior [ RunTime:0.000264s ]
INFO: [ template_filter ] --END-- [ RunTime:0.000392s ]
INFO: Run Behavior\ParseTemplateBehavior [ RunTime:0.023633s ]
INFO: [ view_parse ] --END-- [ RunTime:0.023773s ]
INFO: [ view_filter ] --START--
INFO: Run Behavior\WriteHtmlCacheBehavior [ RunTime:0.001084s ]
INFO: [ view_filter ] --END-- [ RunTime:0.001194s ]
INFO: [ app_end ] --START--
INFO: Run Behavior\ShowPageTraceBehavior [ RunTime:0.001132s ]
INFO: [ app_end ] --END-- [ RunTime:0.001261s ]

[ 2020-05-07T13:46:40+08:00 ] ::1 /oviio/Admin/Rule/group
INFO: [ app_init ] --START--
INFO: Run Behavior\BuildLiteBehavior [ RunTime:0.000042s ]
INFO: [ app_init ] --END-- [ RunTime:0.001025s ]
INFO: [ app_begin ] --START--
INFO: Run Behavior\ReadHtmlCacheBehavior [ RunTime:0.001079s ]
INFO: [ app_begin ] --END-- [ RunTime:0.001229s ]
SQL: SHOW COLUMNS FROM `dftk_auth_group_access` [ RunTime:0.0009s ]
SQL: SELECT `uid`,`group_id`,`title`,`rules` FROM dftk_auth_group_access a INNER JOIN dftk_auth_group g on a.group_id=g.id  WHERE ( a.uid='88' and g.status='1' )  [ RunTime:0.0006s ]
SQL: SHOW COLUMNS FROM `dftk_auth_rule` [ RunTime:0.0007s ]
SQL: SELECT `condition`,`name` FROM `dftk_auth_rule` WHERE `id` IN ('6','96','20','1','2','3','4','5','64','21','7','8','9','10','11','12','13','14','15','16','123','19','130','131','132','135','136','137','138') AND `type` = 1 AND `status` = 1  [ RunTime:0.0007s ]
NOTIC: [2048] Declaration of Common\Model\AdminNavModel::getTreeData() should be compatible with Common\Model\BaseModel::getTreeData($type = 'tree', $order = '', $name = 'name', $child = 'id', $parent = 'pid') D:\ruanjian\wamp\www\oviio\Application\Common\Model\AdminNavModel.class.php 第 10 行.
SQL: SHOW COLUMNS FROM `dftk_admin_nav` [ RunTime:0.0009s ]
SQL: SELECT * FROM `dftk_admin_nav` ORDER BY order_number is null,order_number,id  [ RunTime:0.0005s ]
SQL: SHOW COLUMNS FROM `dftk_auth_group` [ RunTime:0.0008s ]
SQL: SELECT * FROM `dftk_auth_group`  [ RunTime:0.0004s ]
INFO: [ view_parse ] --START--
INFO: [ template_filter ] --START--
INFO: Run Behavior\ContentReplaceBehavior [ RunTime:0.000333s ]
INFO: [ template_filter ] --END-- [ RunTime:0.000541s ]
INFO: Run Behavior\ParseTemplateBehavior [ RunTime:0.028070s ]
INFO: [ view_parse ] --END-- [ RunTime:0.028223s ]
INFO: [ view_filter ] --START--
INFO: Run Behavior\WriteHtmlCacheBehavior [ RunTime:0.001004s ]
INFO: [ view_filter ] --END-- [ RunTime:0.001127s ]
INFO: [ app_end ] --START--
INFO: Run Behavior\ShowPageTraceBehavior [ RunTime:0.001332s ]
INFO: [ app_end ] --END-- [ RunTime:0.001519s ]

[ 2020-05-07T13:46:49+08:00 ] ::1 /oviio/Admin/Nav/index
INFO: [ app_init ] --START--
INFO: Run Behavior\BuildLiteBehavior [ RunTime:0.000027s ]
INFO: [ app_init ] --END-- [ RunTime:0.000712s ]
INFO: [ app_begin ] --START--
INFO: Run Behavior\ReadHtmlCacheBehavior [ RunTime:0.001112s ]
INFO: [ app_begin ] --END-- [ RunTime:0.001266s ]
SQL: SHOW COLUMNS FROM `dftk_auth_group_access` [ RunTime:0.0006s ]
SQL: SELECT `uid`,`group_id`,`title`,`rules` FROM dftk_auth_group_access a INNER JOIN dftk_auth_group g on a.group_id=g.id  WHERE ( a.uid='88' and g.status='1' )  [ RunTime:0.0004s ]
SQL: SHOW COLUMNS FROM `dftk_auth_rule` [ RunTime:0.0005s ]
SQL: SELECT `condition`,`name` FROM `dftk_auth_rule` WHERE `id` IN ('6','96','20','1','2','3','4','5','64','21','7','8','9','10','11','12','13','14','15','16','123','19','130','131','132','135','136','137','138') AND `type` = 1 AND `status` = 1  [ RunTime:0.0004s ]
NOTIC: [2048] Declaration of Common\Model\AdminNavModel::getTreeData() should be compatible with Common\Model\BaseModel::getTreeData($type = 'tree', $order = '', $name = 'name', $child = 'id', $parent = 'pid') D:\ruanjian\wamp\www\oviio\Application\Common\Model\AdminNavModel.class.php 第 10 行.
SQL: SHOW COLUMNS FROM `dftk_admin_nav` [ RunTime:0.0007s ]
SQL: SELECT * FROM `dftk_admin_nav` ORDER BY order_number is null,order_number,id  [ RunTime:0.0003s ]
SQL: SELECT * FROM `dftk_admin_nav` ORDER BY order_number is null,order_number,id  [ RunTime:0.0005s ]
INFO: [ view_parse ] --START--
INFO: [ template_filter ] --START--
INFO: Run Behavior\ContentReplaceBehavior [ RunTime:0.000281s ]
INFO: [ template_filter ] --END-- [ RunTime:0.000427s ]
INFO: Run Behavior\ParseTemplateBehavior [ RunTime:0.045005s ]
INFO: [ view_parse ] --END-- [ RunTime:0.045138s ]
INFO: [ view_filter ] --START--
INFO: Run Behavior\WriteHtmlCacheBehavior [ RunTime:0.001146s ]
INFO: [ view_filter ] --END-- [ RunTime:0.001270s ]
INFO: [ app_end ] --START--
INFO: Run Behavior\ShowPageTraceBehavior [ RunTime:0.001506s ]
INFO: [ app_end ] --END-- [ RunTime:0.001643s ]

[ 2020-05-07T13:48:15+08:00 ] ::1 /oviio/Admin/Nav/add
INFO: [ app_init ] --START--
INFO: Run Behavior\BuildLiteBehavior [ RunTime:0.000029s ]
INFO: [ app_init ] --END-- [ RunTime:0.000708s ]
INFO: [ app_begin ] --START--
INFO: Run Behavior\ReadHtmlCacheBehavior [ RunTime:0.000828s ]
INFO: [ app_begin ] --END-- [ RunTime:0.000959s ]
SQL: SHOW COLUMNS FROM `dftk_auth_group_access` [ RunTime:0.0007s ]
SQL: SELECT `uid`,`group_id`,`title`,`rules` FROM dftk_auth_group_access a INNER JOIN dftk_auth_group g on a.group_id=g.id  WHERE ( a.uid='88' and g.status='1' )  [ RunTime:0.0003s ]
SQL: SHOW COLUMNS FROM `dftk_auth_rule` [ RunTime:0.0004s ]
SQL: SELECT `condition`,`name` FROM `dftk_auth_rule` WHERE `id` IN ('6','96','20','1','2','3','4','5','64','21','7','8','9','10','11','12','13','14','15','16','123','19','130','131','132','135','136','137','138') AND `type` = 1 AND `status` = 1  [ RunTime:0.0004s ]
NOTIC: [2048] Declaration of Common\Model\AdminNavModel::getTreeData() should be compatible with Common\Model\BaseModel::getTreeData($type = 'tree', $order = '', $name = 'name', $child = 'id', $parent = 'pid') D:\ruanjian\wamp\www\oviio\Application\Common\Model\AdminNavModel.class.php 第 10 行.
SQL: SHOW COLUMNS FROM `dftk_admin_nav` [ RunTime:0.0007s ]
SQL: SELECT * FROM `dftk_admin_nav` ORDER BY order_number is null,order_number,id  [ RunTime:0.0005s ]
NOTIC: [8] Undefined index: validate D:\ruanjian\wamp\www\oviio\ThinkPHP\Library\Think\Model.class.php 第 1185 行.
SQL: SELECT * FROM `dftk_admin_nav` WHERE `mca` = 'Admin/ShowNav/customer' LIMIT 1   [ RunTime:0.0004s ]
NOTIC: [8] Undefined index: auto D:\ruanjian\wamp\www\oviio\ThinkPHP\Library\Think\Model.class.php 第 1128 行.
SQL: INSERT INTO `dftk_admin_nav` (`pid`,`name`,`mca`,`ico`) VALUES ('0','质保管理','Admin/ShowNav/customer','') [ RunTime:0.0003s ]

[ 2020-05-07T13:48:17+08:00 ] ::1 /oviio/Admin/Nav/index
INFO: [ app_init ] --START--
INFO: Run Behavior\BuildLiteBehavior [ RunTime:0.000027s ]
INFO: [ app_init ] --END-- [ RunTime:0.000609s ]
INFO: [ app_begin ] --START--
INFO: Run Behavior\ReadHtmlCacheBehavior [ RunTime:0.000758s ]
INFO: [ app_begin ] --END-- [ RunTime:0.000887s ]
SQL: SHOW COLUMNS FROM `dftk_auth_group_access` [ RunTime:0.0007s ]
SQL: SELECT `uid`,`group_id`,`title`,`rules` FROM dftk_auth_group_access a INNER JOIN dftk_auth_group g on a.group_id=g.id  WHERE ( a.uid='88' and g.status='1' )  [ RunTime:0.0004s ]
SQL: SHOW COLUMNS FROM `dftk_auth_rule` [ RunTime:0.0006s ]
SQL: SELECT `condition`,`name` FROM `dftk_auth_rule` WHERE `id` IN ('6','96','20','1','2','3','4','5','64','21','7','8','9','10','11','12','13','14','15','16','123','19','130','131','132','135','136','137','138') AND `type` = 1 AND `status` = 1  [ RunTime:0.0004s ]
NOTIC: [2048] Declaration of Common\Model\AdminNavModel::getTreeData() should be compatible with Common\Model\BaseModel::getTreeData($type = 'tree', $order = '', $name = 'name', $child = 'id', $parent = 'pid') D:\ruanjian\wamp\www\oviio\Application\Common\Model\AdminNavModel.class.php 第 10 行.
SQL: SHOW COLUMNS FROM `dftk_admin_nav` [ RunTime:0.0007s ]
SQL: SELECT * FROM `dftk_admin_nav` ORDER BY order_number is null,order_number,id  [ RunTime:0.0003s ]
SQL: SELECT * FROM `dftk_admin_nav` ORDER BY order_number is null,order_number,id  [ RunTime:0.0005s ]
INFO: [ view_parse ] --START--
INFO: [ template_filter ] --START--
INFO: Run Behavior\ContentReplaceBehavior [ RunTime:0.000264s ]
INFO: [ template_filter ] --END-- [ RunTime:0.000398s ]
INFO: Run Behavior\ParseTemplateBehavior [ RunTime:0.026052s ]
INFO: [ view_parse ] --END-- [ RunTime:0.026179s ]
INFO: [ view_filter ] --START--
INFO: Run Behavior\WriteHtmlCacheBehavior [ RunTime:0.001112s ]
INFO: [ view_filter ] --END-- [ RunTime:0.001224s ]
INFO: [ app_end ] --START--
INFO: Run Behavior\ShowPageTraceBehavior [ RunTime:0.001324s ]
INFO: [ app_end ] --END-- [ RunTime:0.001500s ]

[ 2020-05-07T13:49:05+08:00 ] ::1 /oviio/Admin/Nav/add
INFO: [ app_init ] --START--
INFO: Run Behavior\BuildLiteBehavior [ RunTime:0.000026s ]
INFO: [ app_init ] --END-- [ RunTime:0.000701s ]
INFO: [ app_begin ] --START--
INFO: Run Behavior\ReadHtmlCacheBehavior [ RunTime:0.000959s ]
INFO: [ app_begin ] --END-- [ RunTime:0.001069s ]
SQL: SHOW COLUMNS FROM `dftk_auth_group_access` [ RunTime:0.0007s ]
SQL: SELECT `uid`,`group_id`,`title`,`rules` FROM dftk_auth_group_access a INNER JOIN dftk_auth_group g on a.group_id=g.id  WHERE ( a.uid='88' and g.status='1' )  [ RunTime:0.0004s ]
SQL: SHOW COLUMNS FROM `dftk_auth_rule` [ RunTime:0.0006s ]
SQL: SELECT `condition`,`name` FROM `dftk_auth_rule` WHERE `id` IN ('6','96','20','1','2','3','4','5','64','21','7','8','9','10','11','12','13','14','15','16','123','19','130','131','132','135','136','137','138') AND `type` = 1 AND `status` = 1  [ RunTime:0.0004s ]
NOTIC: [2048] Declaration of Common\Model\AdminNavModel::getTreeData() should be compatible with Common\Model\BaseModel::getTreeData($type = 'tree', $order = '', $name = 'name', $child = 'id', $parent = 'pid') D:\ruanjian\wamp\www\oviio\Application\Common\Model\AdminNavModel.class.php 第 10 行.
SQL: SHOW COLUMNS FROM `dftk_admin_nav` [ RunTime:0.0007s ]
SQL: SELECT * FROM `dftk_admin_nav` ORDER BY order_number is null,order_number,id  [ RunTime:0.0003s ]
NOTIC: [8] Undefined index: validate D:\ruanjian\wamp\www\oviio\ThinkPHP\Library\Think\Model.class.php 第 1185 行.
SQL: SELECT * FROM `dftk_admin_nav` WHERE `mca` = 'Admin/Customer/index' LIMIT 1   [ RunTime:0.0006s ]
NOTIC: [8] Undefined index: auto D:\ruanjian\wamp\www\oviio\ThinkPHP\Library\Think\Model.class.php 第 1128 行.
SQL: INSERT INTO `dftk_admin_nav` (`pid`,`name`,`mca`,`ico`) VALUES ('51','客户管理','Admin/Customer/index','') [ RunTime:0.0005s ]

[ 2020-05-07T13:49:07+08:00 ] ::1 /oviio/Admin/Nav/index
INFO: [ app_init ] --START--
INFO: Run Behavior\BuildLiteBehavior [ RunTime:0.000035s ]
INFO: [ app_init ] --END-- [ RunTime:0.000683s ]
INFO: [ app_begin ] --START--
INFO: Run Behavior\ReadHtmlCacheBehavior [ RunTime:0.000904s ]
INFO: [ app_begin ] --END-- [ RunTime:0.001068s ]
SQL: SHOW COLUMNS FROM `dftk_auth_group_access` [ RunTime:0.0009s ]
SQL: SELECT `uid`,`group_id`,`title`,`rules` FROM dftk_auth_group_access a INNER JOIN dftk_auth_group g on a.group_id=g.id  WHERE ( a.uid='88' and g.status='1' )  [ RunTime:0.0005s ]
SQL: SHOW COLUMNS FROM `dftk_auth_rule` [ RunTime:0.0008s ]
SQL: SELECT `condition`,`name` FROM `dftk_auth_rule` WHERE `id` IN ('6','96','20','1','2','3','4','5','64','21','7','8','9','10','11','12','13','14','15','16','123','19','130','131','132','135','136','137','138') AND `type` = 1 AND `status` = 1  [ RunTime:0.0006s ]
NOTIC: [2048] Declaration of Common\Model\AdminNavModel::getTreeData() should be compatible with Common\Model\BaseModel::getTreeData($type = 'tree', $order = '', $name = 'name', $child = 'id', $parent = 'pid') D:\ruanjian\wamp\www\oviio\Application\Common\Model\AdminNavModel.class.php 第 10 行.
SQL: SHOW COLUMNS FROM `dftk_admin_nav` [ RunTime:0.0008s ]
SQL: SELECT * FROM `dftk_admin_nav` ORDER BY order_number is null,order_number,id  [ RunTime:0.0004s ]
SQL: SELECT * FROM `dftk_admin_nav` ORDER BY order_number is null,order_number,id  [ RunTime:0.0005s ]
INFO: [ view_parse ] --START--
INFO: [ template_filter ] --START--
INFO: Run Behavior\ContentReplaceBehavior [ RunTime:0.000345s ]
INFO: [ template_filter ] --END-- [ RunTime:0.000490s ]
INFO: Run Behavior\ParseTemplateBehavior [ RunTime:0.027375s ]
INFO: [ view_parse ] --END-- [ RunTime:0.027511s ]
INFO: [ view_filter ] --START--
INFO: Run Behavior\WriteHtmlCacheBehavior [ RunTime:0.001187s ]
INFO: [ view_filter ] --END-- [ RunTime:0.001311s ]
INFO: [ app_end ] --START--
INFO: Run Behavior\ShowPageTraceBehavior [ RunTime:0.001451s ]
INFO: [ app_end ] --END-- [ RunTime:0.001593s ]

[ 2020-05-07T13:49:10+08:00 ] ::1 /oviio/Admin/Customer/index
INFO: [ app_init ] --START--
INFO: Run Behavior\BuildLiteBehavior [ RunTime:0.000027s ]
INFO: [ app_init ] --END-- [ RunTime:0.000616s ]
INFO: [ app_begin ] --START--
INFO: Run Behavior\ReadHtmlCacheBehavior [ RunTime:0.000787s ]
INFO: [ app_begin ] --END-- [ RunTime:0.000922s ]
SQL: SHOW COLUMNS FROM `dftk_auth_group_access` [ RunTime:0.0006s ]
SQL: SELECT `uid`,`group_id`,`title`,`rules` FROM dftk_auth_group_access a INNER JOIN dftk_auth_group g on a.group_id=g.id  WHERE ( a.uid='88' and g.status='1' )  [ RunTime:0.0004s ]
SQL: SHOW COLUMNS FROM `dftk_auth_rule` [ RunTime:0.0007s ]
SQL: SELECT `condition`,`name` FROM `dftk_auth_rule` WHERE `id` IN ('6','96','20','1','2','3','4','5','64','21','7','8','9','10','11','12','13','14','15','16','123','19','130','131','132','135','136','137','138') AND `type` = 1 AND `status` = 1  [ RunTime:0.0007s ]
NOTIC: [2048] Declaration of Common\Model\AdminNavModel::getTreeData() should be compatible with Common\Model\BaseModel::getTreeData($type = 'tree', $order = '', $name = 'name', $child = 'id', $parent = 'pid') D:\ruanjian\wamp\www\oviio\Application\Common\Model\AdminNavModel.class.php 第 10 行.
SQL: SHOW COLUMNS FROM `dftk_admin_nav` [ RunTime:0.0009s ]
SQL: SELECT * FROM `dftk_admin_nav` ORDER BY order_number is null,order_number,id  [ RunTime:0.0005s ]
SQL: SHOW COLUMNS FROM `dftk_region` [ RunTime:0.0128s ]
SQL: SHOW COLUMNS FROM `dftk_customer` [ RunTime:0.0212s ]
ERR: Think\Model:get方法不存在！

[ 2020-05-07T15:01:56+08:00 ] ::1 /oviio/Admin/Customer/index
INFO: [ app_init ] --START--
INFO: Run Behavior\BuildLiteBehavior [ RunTime:0.000023s ]
INFO: [ app_init ] --END-- [ RunTime:0.000640s ]
INFO: [ app_begin ] --START--
INFO: Run Behavior\ReadHtmlCacheBehavior [ RunTime:0.001243s ]
INFO: [ app_begin ] --END-- [ RunTime:0.001379s ]
SQL: SHOW COLUMNS FROM `dftk_auth_group_access` [ RunTime:0.0007s ]
SQL: SELECT `uid`,`group_id`,`title`,`rules` FROM dftk_auth_group_access a INNER JOIN dftk_auth_group g on a.group_id=g.id  WHERE ( a.uid='88' and g.status='1' )  [ RunTime:0.0004s ]
SQL: SHOW COLUMNS FROM `dftk_auth_rule` [ RunTime:0.0005s ]
SQL: SELECT `condition`,`name` FROM `dftk_auth_rule` WHERE `id` IN ('6','96','20','1','2','3','4','5','64','21','7','8','9','10','11','12','13','14','15','16','123','19','130','131','132','135','136','137','138') AND `type` = 1 AND `status` = 1  [ RunTime:0.0004s ]
NOTIC: [2048] Declaration of Common\Model\AdminNavModel::getTreeData() should be compatible with Common\Model\BaseModel::getTreeData($type = 'tree', $order = '', $name = 'name', $child = 'id', $parent = 'pid') D:\ruanjian\wamp\www\oviio\Application\Common\Model\AdminNavModel.class.php 第 10 行.
SQL: SHOW COLUMNS FROM `dftk_admin_nav` [ RunTime:0.0005s ]
SQL: SELECT * FROM `dftk_admin_nav` ORDER BY order_number is null,order_number,id  [ RunTime:0.0003s ]
SQL: SHOW COLUMNS FROM `dftk_region` [ RunTime:0.0011s ]
SQL: SHOW COLUMNS FROM `dftk_customer` [ RunTime:0.0009s ]
ERR: Think\Model:get方法不存在！

[ 2020-05-07T15:41:02+08:00 ] ::1 /oviio/Admin/Customer/index
INFO: [ app_init ] --START--
INFO: Run Behavior\BuildLiteBehavior [ RunTime:0.000027s ]
INFO: [ app_init ] --END-- [ RunTime:0.000723s ]
INFO: [ app_begin ] --START--
INFO: Run Behavior\ReadHtmlCacheBehavior [ RunTime:0.000949s ]
INFO: [ app_begin ] --END-- [ RunTime:0.001073s ]
SQL: SHOW COLUMNS FROM `dftk_auth_group_access` [ RunTime:0.0007s ]
SQL: SELECT `uid`,`group_id`,`title`,`rules` FROM dftk_auth_group_access a INNER JOIN dftk_auth_group g on a.group_id=g.id  WHERE ( a.uid='88' and g.status='1' )  [ RunTime:0.0004s ]
SQL: SHOW COLUMNS FROM `dftk_auth_rule` [ RunTime:0.0005s ]
SQL: SELECT `condition`,`name` FROM `dftk_auth_rule` WHERE `id` IN ('6','96','20','1','2','3','4','5','64','21','7','8','9','10','11','12','13','14','15','16','123','19','130','131','132','135','136','137','138') AND `type` = 1 AND `status` = 1  [ RunTime:0.0005s ]
NOTIC: [2048] Declaration of Common\Model\AdminNavModel::getTreeData() should be compatible with Common\Model\BaseModel::getTreeData($type = 'tree', $order = '', $name = 'name', $child = 'id', $parent = 'pid') D:\ruanjian\wamp\www\oviio\Application\Common\Model\AdminNavModel.class.php 第 10 行.
SQL: SHOW COLUMNS FROM `dftk_admin_nav` [ RunTime:0.0006s ]
SQL: SELECT * FROM `dftk_admin_nav` ORDER BY order_number is null,order_number,id  [ RunTime:0.0003s ]
SQL: SHOW COLUMNS FROM `dftk_region` [ RunTime:0.0010s ]
SQL: SHOW COLUMNS FROM `dftk_customer` [ RunTime:0.0008s ]
ERR: Think\Model:get方法不存在！

[ 2020-05-07T16:29:00+08:00 ] ::1 /oviio/Admin/Customer/index
INFO: [ app_init ] --START--
INFO: Run Behavior\BuildLiteBehavior [ RunTime:0.000024s ]
INFO: [ app_init ] --END-- [ RunTime:0.000719s ]
INFO: [ app_begin ] --START--
INFO: Run Behavior\ReadHtmlCacheBehavior [ RunTime:0.001094s ]
INFO: [ app_begin ] --END-- [ RunTime:0.001228s ]
SQL: SHOW COLUMNS FROM `dftk_auth_group_access` [ RunTime:0.0016s ]
SQL: SELECT `uid`,`group_id`,`title`,`rules` FROM dftk_auth_group_access a INNER JOIN dftk_auth_group g on a.group_id=g.id  WHERE ( a.uid='88' and g.status='1' )  [ RunTime:0.0008s ]
SQL: SHOW COLUMNS FROM `dftk_auth_rule` [ RunTime:0.0008s ]
SQL: SELECT `condition`,`name` FROM `dftk_auth_rule` WHERE `id` IN ('6','96','20','1','2','3','4','5','64','21','7','8','9','10','11','12','13','14','15','16','123','19','130','131','132','135','136','137','138') AND `type` = 1 AND `status` = 1  [ RunTime:0.0005s ]
NOTIC: [2048] Declaration of Common\Model\AdminNavModel::getTreeData() should be compatible with Common\Model\BaseModel::getTreeData($type = 'tree', $order = '', $name = 'name', $child = 'id', $parent = 'pid') D:\ruanjian\wamp\www\oviio\Application\Common\Model\AdminNavModel.class.php 第 10 行.
SQL: SHOW COLUMNS FROM `dftk_admin_nav` [ RunTime:0.0007s ]
SQL: SELECT * FROM `dftk_admin_nav` ORDER BY order_number is null,order_number,id  [ RunTime:0.0004s ]
SQL: SHOW COLUMNS FROM `dftk_region` [ RunTime:0.0014s ]
SQL: SHOW COLUMNS FROM `dftk_customer` [ RunTime:0.0010s ]
ERR: 模板不存在:./tpl/Admin/Customer/index.html

